2022-08-01 19:51:24,879 --------------------------------------------------------------------------------
2022-08-01 19:51:24,879 Working directory:
2022-08-01 19:51:24,879   /
2022-08-01 19:51:24,879    tmp/
2022-08-01 19:51:24,879     DisplayCAL-6rc9zncg/
2022-08-01 19:51:24,879 
2022-08-01 19:51:24,879 Command line:
2022-08-01 19:51:24,879   /usr/bin/dispcal
2022-08-01 19:51:24,879     -v2
2022-08-01 19:51:24,879     -d1
2022-08-01 19:51:24,879     -c1
2022-08-01 19:51:24,879     -yn
2022-08-01 19:51:24,879     -P0.5,0.5,1.5
2022-08-01 19:51:24,879     -ql
2022-08-01 19:51:24,879     -m
2022-08-01 19:51:24,879     -t
2022-08-01 19:51:24,879     -g2.2
2022-08-01 19:51:24,879     -f1.0
2022-08-01 19:51:24,879     -A4.0
2022-08-01 19:51:24,879     'NV140DRM-N62 #1 2022-08-01 19-50 2.2 F-S XYZLUT+MTX'
2022-08-01 19:51:24,879 
2022-08-01 19:51:24,883 DisplayCAL: Starting interaction with subprocess
2022-08-01 19:51:28,391 Setting up the instrument
2022-08-01 19:51:28,391 Setting up the instrument
2022-08-01 19:51:29,579 Product Name:      i1Display3
2022-08-01 19:51:29,579 Product Name:      i1Display3
2022-08-01 19:51:29,579 Serial Number:     C3-21.B-02.012513.06
2022-08-01 19:51:29,579 Serial Number:     C3-21.B-02.012513.06
2022-08-01 19:51:29,579 Firmware Version:  v2.28
2022-08-01 19:51:29,579 Firmware Version:  v2.28
2022-08-01 19:51:29,579 Firmware Date:     29Jan14
2022-08-01 19:51:29,579 Firmware Date:     29Jan14
2022-08-01 19:51:29,798 Place instrument on test window.
2022-08-01 19:51:29,799 Place instrument on test window.
2022-08-01 19:51:29,800 DisplayCAL: Detected instrument placement (screen/spot) message
2022-08-01 19:51:29,800 DisplayCAL: Waiting for send buffer
2022-08-01 19:51:31,301 DisplayCAL: Skipping place instrument on screen message...
2022-08-01 19:51:31,310 DisplayCAL: Send buffer received:
2022-08-01 19:51:31,310 DisplayCAL: Sending buffer: ' '
2022-08-01 19:51:31,361 Hit Esc or Q to give up, any other key to continue:
2022-08-01 19:51:31,362 Hit Esc or Q to give up, any other key to continue:
2022-08-01 19:51:31,362 Display type is 'n'
2022-08-01 19:51:31,362 Display type is 'n'
2022-08-01 19:51:31,362 Target white = native white point
2022-08-01 19:51:31,363 Target white = native white point
2022-08-01 19:51:31,363 Target white brightness = native brightness
2022-08-01 19:51:31,363 Target white brightness = native brightness
2022-08-01 19:51:31,363 Target black brightness = native brightness
2022-08-01 19:51:31,364 Target black brightness = native brightness
2022-08-01 19:51:31,364 Target advertised gamma = 2.200000
2022-08-01 19:51:31,364 Target advertised gamma = 2.200000
2022-08-01 19:51:31,367 Commencing display calibration
2022-08-01 19:51:31,367 Commencing display calibration
2022-08-01 19:51:33,966 Measured display update delay of 25 msec, using delay of 133 msec & 0 msec inst reaction
2022-08-01 19:51:33,966 Measured display update delay of 25 msec, using delay of 133 msec & 0 msec inst reaction
2022-08-01 19:51:49,823 Patch 9 of 9
2022-08-01 19:51:49,823 Patch 9 of 9
2022-08-01 19:51:49,823 Black = XYZ 0.1846 0.1915 0.2932
2022-08-01 19:51:49,823 Black = XYZ 0.1846 0.1915 0.2932
2022-08-01 19:51:49,824 Red   = XYZ 123.814 65.916  4.156
2022-08-01 19:51:49,824 Red   = XYZ 123.814 65.916  4.156
2022-08-01 19:51:49,824 Green = XYZ 109.415 223.265 35.235
2022-08-01 19:51:49,824 Green = XYZ 109.415 223.265 35.235
2022-08-01 19:51:49,824 Blue  = XYZ 49.327 22.211 275.600
2022-08-01 19:51:49,824 Blue  = XYZ 49.327 22.211 275.600
2022-08-01 19:51:49,824 White = XYZ 283.231 312.062 315.323
2022-08-01 19:51:49,824 White = XYZ 283.231 312.062 315.323
2022-08-01 19:51:49,824 Automatic black point hue correction level = 0.22
2022-08-01 19:51:49,824 Automatic black point hue correction level = 0.22
2022-08-01 19:53:09,270 Patch 48 of 48
2022-08-01 19:53:09,271 Patch 48 of 48
2022-08-01 19:53:09,374 
2022-08-01 19:53:09,375 
2022-08-01 19:53:09,375 Initial native brightness target = 312.061992 cd/m^2
2022-08-01 19:53:09,375 Initial native brightness target = 312.061992 cd/m^2
2022-08-01 19:53:09,375 Target white value is XYZ 283.230995 312.061992 315.322950 [xy 0.311032 0.342693]
2022-08-01 19:53:09,375 Target white value is XYZ 283.230995 312.061992 315.322950 [xy 0.311032 0.342693]
2022-08-01 19:53:09,375 Adjusted target black XYZ 0.1822 0.1915 0.2715, Lab 0.554 0.116 -0.386
2022-08-01 19:53:09,375 Adjusted target black XYZ 0.1822 0.1915 0.2715, Lab 0.554 0.116 -0.386
2022-08-01 19:53:09,375 Target black after min adjust: XYZ 0.1968 0.2068 0.2932, Lab 0.598 0.126 -0.416
2022-08-01 19:53:09,375 Target black after min adjust: XYZ 0.1968 0.2068 0.2932, Lab 0.598 0.126 -0.416
2022-08-01 19:53:09,375 Gamma curve input offset = 0.000000, output offset = 0.000663, power = 2.203442
2022-08-01 19:53:09,375 Gamma curve input offset = 0.000000, output offset = 0.000663, power = 2.203442
2022-08-01 19:53:09,375 Total Iteration 2, Final Samples = 32 Final Repeat threshold = 0.900000
2022-08-01 19:53:09,375 Total Iteration 2, Final Samples = 32 Final Repeat threshold = 0.900000
2022-08-01 19:53:09,376 Creating initial calibration curves...
2022-08-01 19:53:09,376 Creating initial calibration curves...
2022-08-01 19:53:09,392 
2022-08-01 19:53:09,392 
2022-08-01 19:53:09,392 Doing iteration 1/2 with 16 sample points and repeat threshold of 1.272792 DE
2022-08-01 19:53:09,392 Doing iteration 1/2 with 16 sample points and repeat threshold of 1.272792 DE
2022-08-01 19:53:09,733 Patch 1 of 16 DE 0.000000, W.DE 0.000000, OK ( < 1.272792)
2022-08-01 19:53:09,733 Patch 1 of 16 DE 0.000000, W.DE 0.000000, OK ( < 1.272792)
2022-08-01 19:53:10,193 Patch 2 of 16 DE 1.886863, W.DE 1.886863, Repeat
2022-08-01 19:53:10,193 Patch 2 of 16 DE 1.886863, W.DE 1.886863, Repeat
2022-08-01 19:53:10,682 Patch 2 of 16 DE 0.588223, W.DE 0.588223, OK ( < 1.272792)
2022-08-01 19:53:10,682 Patch 2 of 16 DE 0.588223, W.DE 0.588223, OK ( < 1.272792)
2022-08-01 19:53:11,140 Patch 3 of 16 DE 2.421831, W.DE 2.421831, Repeat
2022-08-01 19:53:11,140 Patch 3 of 16 DE 2.421831, W.DE 2.421831, Repeat
2022-08-01 19:53:11,620 Patch 3 of 16 DE 0.472647, W.DE 0.472647, OK ( < 1.272792)
2022-08-01 19:53:11,620 Patch 3 of 16 DE 0.472647, W.DE 0.472647, OK ( < 1.272792)
2022-08-01 19:53:12,074 Patch 4 of 16 DE 2.778373, W.DE 2.778373, Repeat
2022-08-01 19:53:12,074 Patch 4 of 16 DE 2.778373, W.DE 2.778373, Repeat
2022-08-01 19:53:12,538 Patch 4 of 16 DE 0.168363, W.DE 0.168363, OK ( < 1.272792)
2022-08-01 19:53:12,538 Patch 4 of 16 DE 0.168363, W.DE 0.168363, OK ( < 1.272792)
2022-08-01 19:53:12,991 Patch 5 of 16 DE 1.435296, W.DE 1.435296, Repeat
2022-08-01 19:53:12,991 Patch 5 of 16 DE 1.435296, W.DE 1.435296, Repeat
2022-08-01 19:53:13,441 Patch 5 of 16 DE 0.167097, W.DE 0.167097, OK ( < 1.272792)
2022-08-01 19:53:13,441 Patch 5 of 16 DE 0.167097, W.DE 0.167097, OK ( < 1.272792)
2022-08-01 19:53:13,895 Patch 6 of 16 DE 0.605659, W.DE 0.605659, OK ( < 1.272792)
2022-08-01 19:53:13,895 Patch 6 of 16 DE 0.605659, W.DE 0.605659, OK ( < 1.272792)
2022-08-01 19:53:14,348 Patch 7 of 16 DE 0.920853, W.DE 0.920853, OK ( < 1.272792)
2022-08-01 19:53:14,348 Patch 7 of 16 DE 0.920853, W.DE 0.920853, OK ( < 1.272792)
2022-08-01 19:53:15,013 Patch 8 of 16 DE 0.878757, W.DE 0.878757, OK ( < 1.272792)
2022-08-01 19:53:15,013 Patch 8 of 16 DE 0.878757, W.DE 0.878757, OK ( < 1.272792)
2022-08-01 19:53:15,738 Patch 9 of 16 DE 1.018543, W.DE 1.018543, OK ( < 1.272792)
2022-08-01 19:53:15,739 Patch 9 of 16 DE 1.018543, W.DE 1.018543, OK ( < 1.272792)
2022-08-01 19:53:16,531 Patch 10 of 16 DE 0.705981, W.DE 0.705981, OK ( < 1.272792)
2022-08-01 19:53:16,531 Patch 10 of 16 DE 0.705981, W.DE 0.705981, OK ( < 1.272792)
2022-08-01 19:53:17,444 Patch 11 of 16 DE 0.628451, W.DE 0.628451, OK ( < 1.272792)
2022-08-01 19:53:17,444 Patch 11 of 16 DE 0.628451, W.DE 0.628451, OK ( < 1.272792)
2022-08-01 19:53:18,782 Patch 12 of 16 DE 1.695775, W.DE 1.695775, Repeat
2022-08-01 19:53:18,782 Patch 12 of 16 DE 1.695775, W.DE 1.695775, Repeat
2022-08-01 19:53:20,058 Patch 12 of 16 DE 0.696563, W.DE 0.696563, OK ( < 1.272792)
2022-08-01 19:53:20,058 Patch 12 of 16 DE 0.696563, W.DE 0.696563, OK ( < 1.272792)
2022-08-01 19:53:22,052 Patch 13 of 16 DE 1.363320, W.DE 1.363320, Repeat
2022-08-01 19:53:22,053 Patch 13 of 16 DE 1.363320, W.DE 1.363320, Repeat
2022-08-01 19:53:23,840 Patch 13 of 16 DE 0.465133, W.DE 0.465133, OK ( < 1.272792)
2022-08-01 19:53:23,840 Patch 13 of 16 DE 0.465133, W.DE 0.465133, OK ( < 1.272792)
2022-08-01 19:53:26,551 Patch 14 of 16 DE 0.474135, W.DE 0.474135, OK ( < 1.272792)
2022-08-01 19:53:26,551 Patch 14 of 16 DE 0.474135, W.DE 0.474135, OK ( < 1.272792)
2022-08-01 19:53:29,431 Patch 15 of 16 DE 0.071500, W.DE 0.071500, OK ( < 1.272792)
2022-08-01 19:53:29,431 Patch 15 of 16 DE 0.071500, W.DE 0.071500, OK ( < 1.272792)
2022-08-01 19:53:32,256 Patch 16 of 16 DE 0.064461, W.DE 43.752257, Repeat
2022-08-01 19:53:32,256 Patch 16 of 16 DE 0.064461, W.DE 43.752257, Repeat
2022-08-01 19:53:35,096 Patch 16 of 16 DE 0.123873, W.DE 9.486054, Repeat
2022-08-01 19:53:35,096 Patch 16 of 16 DE 0.123873, W.DE 9.486054, Repeat
2022-08-01 19:53:37,966 Patch 16 of 16 DE 0.067669, W.DE 5.916953, Repeat
2022-08-01 19:53:37,966 Patch 16 of 16 DE 0.067669, W.DE 5.916953, Repeat
2022-08-01 19:53:49,042 Patch 16 of 16 DE 0.067669, W.DE 5.916953, Repeat
2022-08-01 19:53:49,042 Patch 16 of 16 DE 0.067669, W.DE 5.916953, Repeat
2022-08-01 19:53:51,927 Patch 16 of 16 DE 0.051426, W.DE 0.051426, OK ( < 1.272792)
2022-08-01 19:53:51,927 Patch 16 of 16 DE 0.051426, W.DE 0.051426, OK ( < 1.272792)
2022-08-01 19:53:51,927 
2022-08-01 19:53:51,927 
2022-08-01 19:53:51,928 Brightness error = 0.000000 cd/m^2 (is 311.713876, should be 311.713876)
2022-08-01 19:53:51,928 Brightness error = 0.000000 cd/m^2 (is 311.713876, should be 311.713876)
2022-08-01 19:53:51,928 White point error = 0.000000 deltaE
2022-08-01 19:53:51,928 White point error = 0.000000 deltaE
2022-08-01 19:53:51,928 Maximum neutral error (@ 0.295400) = 1.018543 deltaE
2022-08-01 19:53:51,928 Maximum neutral error (@ 0.295400) = 1.018543 deltaE
2022-08-01 19:53:51,928 Average neutral error = 0.494583 deltaE
2022-08-01 19:53:51,928 Average neutral error = 0.494583 deltaE
2022-08-01 19:53:51,928 Number of measurements taken = 29
2022-08-01 19:53:51,928 Number of measurements taken = 29
2022-08-01 19:53:51,928 Computing update to calibration curves...
2022-08-01 19:53:51,928 Computing update to calibration curves...
2022-08-01 19:53:51,940 
2022-08-01 19:53:51,941 
2022-08-01 19:53:51,941 Doing iteration 2/2 with 32 sample points and repeat threshold of 0.900000 DE
2022-08-01 19:53:51,941 Doing iteration 2/2 with 32 sample points and repeat threshold of 0.900000 DE
2022-08-01 19:53:52,569 Patch 1 of 32 DE 0.000000, W.DE 0.000000, W.peqDE 0.000000, OK ( < 0.900000)
2022-08-01 19:53:52,569 Patch 1 of 32 DE 0.000000, W.DE 0.000000, W.peqDE 0.000000, OK ( < 0.900000)
2022-08-01 19:53:53,009 Patch 2 of 32 DE 0.546791, W.DE 0.546791, W.peqDE 0.546793, OK ( < 0.900000)
2022-08-01 19:53:53,009 Patch 2 of 32 DE 0.546791, W.DE 0.546791, W.peqDE 0.546793, OK ( < 0.900000)
2022-08-01 19:53:53,446 Patch 3 of 32 DE 0.542761, W.DE 0.542761, W.peqDE 0.294728, OK ( < 0.900000)
2022-08-01 19:53:53,446 Patch 3 of 32 DE 0.542761, W.DE 0.542761, W.peqDE 0.294728, OK ( < 0.900000)
2022-08-01 19:53:53,884 Patch 4 of 32 DE 0.386472, W.DE 0.386472, W.peqDE 0.230337, OK ( < 0.900000)
2022-08-01 19:53:53,884 Patch 4 of 32 DE 0.386472, W.DE 0.386472, W.peqDE 0.230337, OK ( < 0.900000)
2022-08-01 19:53:54,322 Patch 5 of 32 DE 0.339916, W.DE 0.339916, W.peqDE 0.607484, OK ( < 0.900000)
2022-08-01 19:53:54,322 Patch 5 of 32 DE 0.339916, W.DE 0.339916, W.peqDE 0.607484, OK ( < 0.900000)
2022-08-01 19:53:54,759 Patch 6 of 32 DE 0.430931, W.DE 0.430931, W.peqDE 0.585205, OK ( < 0.900000)
2022-08-01 19:53:54,759 Patch 6 of 32 DE 0.430931, W.DE 0.430931, W.peqDE 0.585205, OK ( < 0.900000)
2022-08-01 19:53:55,195 Patch 7 of 32 DE 0.238649, W.DE 0.238649, W.peqDE 0.256779, OK ( < 0.900000)
2022-08-01 19:53:55,195 Patch 7 of 32 DE 0.238649, W.DE 0.238649, W.peqDE 0.256779, OK ( < 0.900000)
2022-08-01 19:53:55,631 Patch 8 of 32 DE 0.314880, W.DE 0.314880, W.peqDE 0.344903, OK ( < 0.900000)
2022-08-01 19:53:55,631 Patch 8 of 32 DE 0.314880, W.DE 0.314880, W.peqDE 0.344903, OK ( < 0.900000)
2022-08-01 19:53:56,067 Patch 9 of 32 DE 0.429909, W.DE 0.429909, W.peqDE 0.379127, OK ( < 0.900000)
2022-08-01 19:53:56,067 Patch 9 of 32 DE 0.429909, W.DE 0.429909, W.peqDE 0.379127, OK ( < 0.900000)
2022-08-01 19:53:56,504 Patch 10 of 32 DE 0.565920, W.DE 0.565920, W.peqDE 0.188620, OK ( < 0.900000)
2022-08-01 19:53:56,504 Patch 10 of 32 DE 0.565920, W.DE 0.565920, W.peqDE 0.188620, OK ( < 0.900000)
2022-08-01 19:53:56,941 Patch 11 of 32 DE 0.569392, W.DE 0.569392, W.peqDE 0.517588, OK ( < 0.900000)
2022-08-01 19:53:56,941 Patch 11 of 32 DE 0.569392, W.DE 0.569392, W.peqDE 0.517588, OK ( < 0.900000)
2022-08-01 19:53:57,377 Patch 12 of 32 DE 1.021952, W.DE 1.021952, peqDE 0.751934, Repeat
2022-08-01 19:53:57,377 Patch 12 of 32 DE 1.021952, W.DE 1.021952, peqDE 0.751934, Repeat
2022-08-01 19:53:57,817 Patch 12 of 32 DE 0.474176, W.DE 0.474176, peqDE 0.913915, Repeat
2022-08-01 19:53:57,817 Patch 12 of 32 DE 0.474176, W.DE 0.474176, peqDE 0.913915, Repeat
2022-08-01 19:53:58,199 Patch 12 of 32 DE 0.242627, W.DE 0.242627, W.peqDE 0.466517, OK ( < 0.900000)
2022-08-01 19:53:58,199 Patch 12 of 32 DE 0.242627, W.DE 0.242627, W.peqDE 0.466517, OK ( < 0.900000)
2022-08-01 19:53:58,636 Patch 13 of 32 DE 0.799092, W.DE 0.799092, W.peqDE 0.737011, OK ( < 0.900000)
2022-08-01 19:53:58,636 Patch 13 of 32 DE 0.799092, W.DE 0.799092, W.peqDE 0.737011, OK ( < 0.900000)
2022-08-01 19:53:59,071 Patch 14 of 32 DE 1.105000, W.DE 1.105000, peqDE 0.996621, Repeat
2022-08-01 19:53:59,071 Patch 14 of 32 DE 1.105000, W.DE 1.105000, peqDE 0.996621, Repeat
2022-08-01 19:53:59,528 Patch 14 of 32 DE 0.218709, W.DE 0.218709, W.peqDE 0.515799, OK ( < 0.900000)
2022-08-01 19:53:59,528 Patch 14 of 32 DE 0.218709, W.DE 0.218709, W.peqDE 0.515799, OK ( < 0.900000)
2022-08-01 19:54:00,171 Patch 15 of 32 DE 0.968880, W.DE 0.968880, peqDE 1.069876, Repeat
2022-08-01 19:54:00,171 Patch 15 of 32 DE 0.968880, W.DE 0.968880, peqDE 1.069876, Repeat
2022-08-01 19:54:00,621 Patch 15 of 32 DE 0.540215, W.DE 0.540215, W.peqDE 0.726035, OK ( < 0.900000)
2022-08-01 19:54:00,621 Patch 15 of 32 DE 0.540215, W.DE 0.540215, W.peqDE 0.726035, OK ( < 0.900000)
2022-08-01 19:54:01,289 Patch 16 of 32 DE 1.003383, W.DE 1.003383, peqDE 0.905203, Repeat
2022-08-01 19:54:01,289 Patch 16 of 32 DE 1.003383, W.DE 1.003383, peqDE 0.905203, Repeat
2022-08-01 19:54:01,962 Patch 16 of 32 DE 0.453235, W.DE 0.453235, W.peqDE 0.178327, OK ( < 0.900000)
2022-08-01 19:54:01,962 Patch 16 of 32 DE 0.453235, W.DE 0.453235, W.peqDE 0.178327, OK ( < 0.900000)
2022-08-01 19:54:02,654 Patch 17 of 32 DE 0.920445, W.DE 0.920445, peqDE 1.000310, Repeat
2022-08-01 19:54:02,654 Patch 17 of 32 DE 0.920445, W.DE 0.920445, peqDE 1.000310, Repeat
2022-08-01 19:54:03,359 Patch 17 of 32 DE 0.389175, W.DE 0.389175, W.peqDE 0.128012, OK ( < 0.900000)
2022-08-01 19:54:03,359 Patch 17 of 32 DE 0.389175, W.DE 0.389175, W.peqDE 0.128012, OK ( < 0.900000)
2022-08-01 19:54:04,081 Patch 18 of 32 DE 0.610618, W.DE 0.610618, W.peqDE 0.691566, OK ( < 0.900000)
2022-08-01 19:54:04,081 Patch 18 of 32 DE 0.610618, W.DE 0.610618, W.peqDE 0.691566, OK ( < 0.900000)
2022-08-01 19:54:04,835 Patch 19 of 32 DE 0.746851, W.DE 0.746851, W.peqDE 0.566157, OK ( < 0.900000)
2022-08-01 19:54:04,835 Patch 19 of 32 DE 0.746851, W.DE 0.746851, W.peqDE 0.566157, OK ( < 0.900000)
2022-08-01 19:54:05,632 Patch 20 of 32 DE 0.660831, W.DE 0.660831, W.peqDE 0.187463, OK ( < 0.900000)
2022-08-01 19:54:05,632 Patch 20 of 32 DE 0.660831, W.DE 0.660831, W.peqDE 0.187463, OK ( < 0.900000)
2022-08-01 19:54:06,483 Patch 21 of 32 DE 0.785666, W.DE 0.785666, W.peqDE 0.579070, OK ( < 0.900000)
2022-08-01 19:54:06,483 Patch 21 of 32 DE 0.785666, W.DE 0.785666, W.peqDE 0.579070, OK ( < 0.900000)
2022-08-01 19:54:07,411 Patch 22 of 32 DE 0.389601, W.DE 0.389601, peqDE 1.086403, Repeat
2022-08-01 19:54:07,411 Patch 22 of 32 DE 0.389601, W.DE 0.389601, peqDE 1.086403, Repeat
2022-08-01 19:54:11,222 Patch 22 of 32 DE 0.374474, W.DE 0.374474, W.peqDE 0.635374, OK ( < 0.900000)
2022-08-01 19:54:11,223 Patch 22 of 32 DE 0.374474, W.DE 0.374474, W.peqDE 0.635374, OK ( < 0.900000)
2022-08-01 19:54:12,275 Patch 23 of 32 DE 0.302710, W.DE 0.302710, W.peqDE 0.224066, OK ( < 0.900000)
2022-08-01 19:54:12,275 Patch 23 of 32 DE 0.302710, W.DE 0.302710, W.peqDE 0.224066, OK ( < 0.900000)
2022-08-01 19:54:13,568 Patch 24 of 32 DE 0.377626, W.DE 0.377626, W.peqDE 0.382500, OK ( < 0.900000)
2022-08-01 19:54:13,569 Patch 24 of 32 DE 0.377626, W.DE 0.377626, W.peqDE 0.382500, OK ( < 0.900000)
2022-08-01 19:54:15,070 Patch 25 of 32 DE 0.463259, W.DE 0.463259, W.peqDE 0.432000, OK ( < 0.900000)
2022-08-01 19:54:15,070 Patch 25 of 32 DE 0.463259, W.DE 0.463259, W.peqDE 0.432000, OK ( < 0.900000)
2022-08-01 19:54:16,857 Patch 26 of 32 DE 0.394149, W.DE 0.394149, W.peqDE 0.336189, OK ( < 0.654773)
2022-08-01 19:54:16,857 Patch 26 of 32 DE 0.394149, W.DE 0.394149, W.peqDE 0.336189, OK ( < 0.654773)
2022-08-01 19:54:19,010 Patch 27 of 32 DE 0.305513, W.DE 0.305513, peqDE 0.417901, Repeat
2022-08-01 19:54:19,010 Patch 27 of 32 DE 0.305513, W.DE 0.305513, peqDE 0.417901, Repeat
2022-08-01 19:54:21,060 Patch 27 of 32 DE 0.161594, W.DE 0.161594, W.peqDE 0.346173, OK ( < 0.395573)
2022-08-01 19:54:21,060 Patch 27 of 32 DE 0.161594, W.DE 0.161594, W.peqDE 0.346173, OK ( < 0.395573)
2022-08-01 19:54:23,577 Patch 28 of 32 DE 0.152023, W.DE 0.152023, W.peqDE 0.201404, OK ( < 0.250000)
2022-08-01 19:54:23,577 Patch 28 of 32 DE 0.152023, W.DE 0.152023, W.peqDE 0.201404, OK ( < 0.250000)
2022-08-01 19:54:26,213 Patch 29 of 32 DE 0.076448, W.DE 0.076448, W.peqDE 0.100937, OK ( < 0.250000)
2022-08-01 19:54:26,214 Patch 29 of 32 DE 0.076448, W.DE 0.076448, W.peqDE 0.100937, OK ( < 0.250000)
2022-08-01 19:54:29,084 Patch 30 of 32 DE 0.068439, W.DE 0.068439, W.peqDE 0.044237, OK ( < 0.250000)
2022-08-01 19:54:29,084 Patch 30 of 32 DE 0.068439, W.DE 0.068439, W.peqDE 0.044237, OK ( < 0.250000)
2022-08-01 19:54:31,914 Patch 31 of 32 DE 0.129224, W.DE 0.129224, W.peqDE 0.087277, OK ( < 0.250000)
2022-08-01 19:54:31,915 Patch 31 of 32 DE 0.129224, W.DE 0.129224, W.peqDE 0.087277, OK ( < 0.250000)
2022-08-01 19:54:34,665 Patch 32 of 32 DE 0.121836, W.DE 0.121836, W.peqDE 0.058000, OK ( < 0.250000)
2022-08-01 19:54:34,665 Patch 32 of 32 DE 0.121836, W.DE 0.121836, W.peqDE 0.058000, OK ( < 0.250000)
2022-08-01 19:54:34,665 
2022-08-01 19:54:34,665 
2022-08-01 19:54:34,665 Brightness error = 0.000000 cd/m^2 (is 311.600122, should be 311.600122)
2022-08-01 19:54:34,666 Brightness error = 0.000000 cd/m^2 (is 311.600122, should be 311.600122)
2022-08-01 19:54:34,666 White point error = 0.000000 deltaE
2022-08-01 19:54:34,666 White point error = 0.000000 deltaE
2022-08-01 19:54:34,666 Maximum neutral error (@ 0.456906) = 0.799092 deltaE
2022-08-01 19:54:34,667 Maximum neutral error (@ 0.456906) = 0.799092 deltaE
2022-08-01 19:54:34,667 Average neutral error = 0.388576 deltaE
2022-08-01 19:54:34,667 Average neutral error = 0.388576 deltaE
2022-08-01 19:54:34,667 Number of measurements taken = 43
2022-08-01 19:54:34,667 Number of measurements taken = 43
2022-08-01 19:54:34,667 Computing update to calibration curves...
2022-08-01 19:54:34,667 Computing update to calibration curves...
2022-08-01 19:54:34,703 The instrument can be removed from the screen.
2022-08-01 19:54:34,703 The instrument can be removed from the screen.
2022-08-01 19:54:35,007 Written calibration file 'NV140DRM-N62 #1 2022-08-01 19-50 2.2 F-S XYZLUT+MTX.cal'
2022-08-01 19:54:35,007 Written calibration file 'NV140DRM-N62 #1 2022-08-01 19-50 2.2 F-S XYZLUT+MTX.cal'
2022-08-01 19:54:35,008 DisplayCAL: Reached EOF (OK)
2022-08-01 19:54:35,109 dispcal exitcode: 0
2022-08-01 19:54:35,149 --------------------------------------------------------------------------------
2022-08-01 19:54:35,150 Working directory:
2022-08-01 19:54:35,150   /
2022-08-01 19:54:35,150    tmp/
2022-08-01 19:54:35,150     DisplayCAL-6rc9zncg/
2022-08-01 19:54:35,150 
2022-08-01 19:54:35,150 Command line:
2022-08-01 19:54:35,150   /usr/bin/dispread
2022-08-01 19:54:35,150     -v
2022-08-01 19:54:35,150     -d1
2022-08-01 19:54:35,150     -c1
2022-08-01 19:54:35,150     -yn
2022-08-01 19:54:35,150     -P0.5,0.5,1.5
2022-08-01 19:54:35,150     -k
2022-08-01 19:54:35,150     'NV140DRM-N62 #1 2022-08-01 19-50 2.2 F-S XYZLUT+MTX.cal'
2022-08-01 19:54:35,150     'NV140DRM-N62 #1 2022-08-01 19-50 2.2 F-S XYZLUT+MTX'
2022-08-01 19:54:35,150 
2022-08-01 19:54:35,154 DisplayCAL: Starting interaction with subprocess
2022-08-01 19:54:38,658 Number of patches = 34
2022-08-01 19:54:38,658 Number of patches = 34
2022-08-01 19:54:38,660 Setting up the instrument
2022-08-01 19:54:38,660 Setting up the instrument
2022-08-01 19:54:39,824 Product Name:      i1Display3
2022-08-01 19:54:39,824 Product Name:      i1Display3
2022-08-01 19:54:39,825 Serial Number:     C3-21.B-02.012513.06
2022-08-01 19:54:39,825 Serial Number:     C3-21.B-02.012513.06
2022-08-01 19:54:39,825 Firmware Version:  v2.28
2022-08-01 19:54:39,825 Firmware Version:  v2.28
2022-08-01 19:54:39,825 Firmware Date:     29Jan14
2022-08-01 19:54:39,825 Firmware Date:     29Jan14
2022-08-01 19:54:40,045 Place instrument on test window.
2022-08-01 19:54:40,045 Place instrument on test window.
2022-08-01 19:54:40,046 DisplayCAL: Waiting for send buffer
2022-08-01 19:54:40,046 DisplayCAL: Detected instrument placement (screen/spot) message
2022-08-01 19:54:41,547 DisplayCAL: Skipping place instrument on screen message...
2022-08-01 19:54:41,556 DisplayCAL: Send buffer received:
2022-08-01 19:54:41,556 DisplayCAL: Sending buffer: ' '
2022-08-01 19:54:41,607 Hit Esc or Q to give up, any other key to continue:
2022-08-01 19:54:41,607 Hit Esc or Q to give up, any other key to continue:
2022-08-01 19:54:44,212 Measured display update delay of 26 msec, using delay of 134 msec & 0 msec inst reaction
2022-08-01 19:54:44,213 Measured display update delay of 26 msec, using delay of 134 msec & 0 msec inst reaction
2022-08-01 19:55:13,575 Patch 34 of 34
2022-08-01 19:55:13,576 Patch 34 of 34
2022-08-01 19:55:13,576 The instrument can be removed from the screen.
2022-08-01 19:55:13,576 The instrument can be removed from the screen.
2022-08-01 19:55:13,881 Written 'NV140DRM-N62 #1 2022-08-01 19-50 2.2 F-S XYZLUT+MTX.ti3'
2022-08-01 19:55:13,881 Written 'NV140DRM-N62 #1 2022-08-01 19-50 2.2 F-S XYZLUT+MTX.ti3'
2022-08-01 19:55:13,882 DisplayCAL: Reached EOF (OK)
2022-08-01 19:55:13,983 dispread exitcode: 0
2022-08-01 19:55:14,017 Extracting neutrals from /tmp/DisplayCAL-6rc9zncg/NV140DRM-N62 #1 2022-08-01 19-50 2.2 F-S XYZLUT+MTX.ti3
2022-08-01 19:55:14,020 --------------------------------------------------------------------------------
2022-08-01 19:55:14,020 Creating matrix from primaries
2022-08-01 19:55:14,021 Using chromatic adaptation transform matrix: Bradford
2022-08-01 19:55:14,022 --------------------------------------------------------------------------------
2022-08-01 19:55:14,022 Creating shaper tags in separate step
2022-08-01 19:55:14,022 Using chromatic adaptation transform matrix: Bradford
2022-08-01 19:55:14,040 Extracting neutrals from /tmp/DisplayCAL-6rc9zncg/NV140DRM-N62 #1 2022-08-01 19-50 2.2 F-S XYZLUT+MTX.ti3
2022-08-01 19:55:14,046 {0: {'SAMPLE_ID': 1, 'RGB_R': 0.0, 'RGB_G': 0.0, 'RGB_B': 0.0, 'XYZ_X': 0.0594401, 'XYZ_Y': 0.0616566, 'XYZ_Z': 0.0942902}, 1: {'SAMPLE_ID': 5, 'RGB_R': 1.9608, 'RGB_G': 1.9608, 'RGB_B': 1.9608, 'XYZ_X': 0.0911674, 'XYZ_Y': 0.0971738, 'XYZ_Z': 0.130743}, 2: {'SAMPLE_ID': 6, 'RGB_R': 3.9216, 'RGB_G': 3.9216, 'RGB_B': 3.9216, 'XYZ_X': 0.163263, 'XYZ_Y': 0.176791, 'XYZ_Z': 0.210957}, 3: {'SAMPLE_ID': 7, 'RGB_R': 5.8824, 'RGB_G': 5.8824, 'RGB_B': 5.8824, 'XYZ_X': 0.272578, 'XYZ_Y': 0.298709, 'XYZ_Z': 0.333335}, 4: {'SAMPLE_ID': 8, 'RGB_R': 9.8039, 'RGB_G': 9.8039, 'RGB_B': 9.8039, 'XYZ_X': 0.600409, 'XYZ_Y': 0.663229, 'XYZ_Z': 0.696177}, 5: {'SAMPLE_ID': 9, 'RGB_R': 13.726, 'RGB_G': 13.726, 'RGB_B': 13.726, 'XYZ_X': 1.1087, 'XYZ_Y': 1.22987, 'XYZ_Z': 1.25833}, 6: {'SAMPLE_ID': 10, 'RGB_R': 17.647, 'RGB_G': 17.647, 'RGB_B': 17.647, 'XYZ_X': 1.87618, 'XYZ_Y': 2.08678, 'XYZ_Z': 2.1037}, 7: {'SAMPLE_ID': 11, 'RGB_R': 21.569, 'RGB_G': 21.569, 'RGB_B': 21.569, 'XYZ_X': 2.87051, 'XYZ_Y': 3.19745, 'XYZ_Z': 3.19917}, 8: {'SAMPLE_ID': 12, 'RGB_R': 25.49, 'RGB_G': 25.49, 'RGB_B': 25.49, 'XYZ_X': 4.19446, 'XYZ_Y': 4.66902, 'XYZ_Z': 4.64202}, 9: {'SAMPLE_ID': 13, 'RGB_R': 29.412, 'RGB_G': 29.412, 'RGB_B': 29.412, 'XYZ_X': 5.71221, 'XYZ_Y': 6.3608, 'XYZ_Z': 6.31152}, 10: {'SAMPLE_ID': 14, 'RGB_R': 33.333, 'RGB_G': 33.333, 'RGB_B': 33.333, 'XYZ_X': 7.44473, 'XYZ_Y': 8.31225, 'XYZ_Z': 8.23799}, 11: {'SAMPLE_ID': 15, 'RGB_R': 37.255, 'RGB_G': 37.255, 'RGB_B': 37.255, 'XYZ_X': 9.58653, 'XYZ_Y': 10.6882, 'XYZ_Z': 10.5821}, 12: {'SAMPLE_ID': 16, 'RGB_R': 41.176, 'RGB_G': 41.176, 'RGB_B': 41.176, 'XYZ_X': 11.9703, 'XYZ_Y': 13.3727, 'XYZ_Z': 13.2222}, 13: {'SAMPLE_ID': 17, 'RGB_R': 45.098, 'RGB_G': 45.098, 'RGB_B': 45.098, 'XYZ_X': 14.8167, 'XYZ_Y': 16.4935, 'XYZ_Z': 16.4008}, 14: {'SAMPLE_ID': 18, 'RGB_R': 49.02, 'RGB_G': 49.02, 'RGB_B': 49.02, 'XYZ_X': 18.1516, 'XYZ_Y': 20.2184, 'XYZ_Z': 20.1112}, 15: {'SAMPLE_ID': 19, 'RGB_R': 52.941, 'RGB_G': 52.941, 'RGB_B': 52.941, 'XYZ_X': 21.7247, 'XYZ_Y': 24.1916, 'XYZ_Z': 24.1153}, 16: {'SAMPLE_ID': 20, 'RGB_R': 56.863, 'RGB_G': 56.863, 'RGB_B': 56.863, 'XYZ_X': 25.5531, 'XYZ_Y': 28.4005, 'XYZ_Z': 28.4125}, 17: {'SAMPLE_ID': 21, 'RGB_R': 60.784, 'RGB_G': 60.784, 'RGB_B': 60.784, 'XYZ_X': 29.4791, 'XYZ_Y': 32.7763, 'XYZ_Z': 32.8291}, 18: {'SAMPLE_ID': 22, 'RGB_R': 64.706, 'RGB_G': 64.706, 'RGB_B': 64.706, 'XYZ_X': 33.9698, 'XYZ_Y': 37.7186, 'XYZ_Z': 37.8916}, 19: {'SAMPLE_ID': 23, 'RGB_R': 68.627, 'RGB_G': 68.627, 'RGB_B': 68.627, 'XYZ_X': 39.0164, 'XYZ_Y': 43.2873, 'XYZ_Z': 43.5434}, 20: {'SAMPLE_ID': 24, 'RGB_R': 72.549, 'RGB_G': 72.549, 'RGB_B': 72.549, 'XYZ_X': 44.4076, 'XYZ_Y': 49.2114, 'XYZ_Z': 49.665}, 21: {'SAMPLE_ID': 25, 'RGB_R': 76.471, 'RGB_G': 76.471, 'RGB_B': 76.471, 'XYZ_X': 50.0225, 'XYZ_Y': 55.4069, 'XYZ_Z': 55.9643}, 22: {'SAMPLE_ID': 26, 'RGB_R': 80.392, 'RGB_G': 80.392, 'RGB_B': 80.392, 'XYZ_X': 56.2457, 'XYZ_Y': 62.2405, 'XYZ_Z': 62.9691}, 23: {'SAMPLE_ID': 27, 'RGB_R': 84.314, 'RGB_G': 84.314, 'RGB_B': 84.314, 'XYZ_X': 62.6008, 'XYZ_Y': 69.2155, 'XYZ_Z': 70.0916}, 24: {'SAMPLE_ID': 28, 'RGB_R': 88.235, 'RGB_G': 88.235, 'RGB_B': 88.235, 'XYZ_X': 68.9019, 'XYZ_Y': 76.0951, 'XYZ_Z': 77.1543}, 25: {'SAMPLE_ID': 29, 'RGB_R': 92.157, 'RGB_G': 92.157, 'RGB_B': 92.157, 'XYZ_X': 75.7257, 'XYZ_Y': 83.5533, 'XYZ_Z': 84.7472}, 26: {'SAMPLE_ID': 30, 'RGB_R': 96.078, 'RGB_G': 96.078, 'RGB_B': 96.078, 'XYZ_X': 82.6965, 'XYZ_Y': 91.1634, 'XYZ_Z': 92.3991}, 27: {'SAMPLE_ID': 31, 'RGB_R': 100.0, 'RGB_G': 100.0, 'RGB_B': 100.0, 'XYZ_X': 90.7886, 'XYZ_Y': 100.0, 'XYZ_Z': 101.111}}
2022-08-01 19:55:14,046 --------------------------------------------------------------------------------
2022-08-01 19:55:14,355 Adding rTRC from interpolation to NV140DRM-N62 #1 2022-08-01 19-50 2.2 F-S XYZLUT+MTX
2022-08-01 19:55:14,355 Adding gTRC from interpolation to NV140DRM-N62 #1 2022-08-01 19-50 2.2 F-S XYZLUT+MTX
2022-08-01 19:55:14,356 Adding bTRC from interpolation to NV140DRM-N62 #1 2022-08-01 19-50 2.2 F-S XYZLUT+MTX
2022-08-01 19:55:18,368 --------------------------------------------------------------------------------
2022-08-01 19:55:18,368 Working directory:
2022-08-01 19:55:18,368   /
2022-08-01 19:55:18,368    tmp/
2022-08-01 19:55:18,368     DisplayCAL-6rc9zncg/
2022-08-01 19:55:18,368 
2022-08-01 19:55:18,369 Command line:
2022-08-01 19:55:18,369   /usr/bin/targen
2022-08-01 19:55:18,369     -v
2022-08-01 19:55:18,369     -d3
2022-08-01 19:55:18,369     -e4
2022-08-01 19:55:18,369     -s21
2022-08-01 19:55:18,369     -g61
2022-08-01 19:55:18,369     -m0
2022-08-01 19:55:18,369     -f562
2022-08-01 19:55:18,369     -A1.0
2022-08-01 19:55:18,369     -G
2022-08-01 19:55:18,369     -N0.5
2022-08-01 19:55:18,369     -B4
2022-08-01 19:55:18,369     -b0
2022-08-01 19:55:18,369     -V1.6
2022-08-01 19:55:18,369     -c
2022-08-01 19:55:18,369     'NV140DRM-N62 #1 2022-08-01 19-50 2.2 F-S XYZLUT+MTX.icc'
2022-08-01 19:55:18,369     'NV140DRM-N62 #1 2022-08-01 19-50 2.2 F-S XYZLUT+MTX'
2022-08-01 19:55:18,369 
2022-08-01 19:55:18,373 DisplayCAL: Waiting for EOF
2022-08-01 19:55:18,379 RGB test chart
2022-08-01 19:55:18,379 RGB test chart
2022-08-01 19:55:18,379 White patches = 4
2022-08-01 19:55:18,379 White patches = 4
2022-08-01 19:55:18,379 Black patches = 4
2022-08-01 19:55:18,379 Black patches = 4
2022-08-01 19:55:18,379 Single channel steps = 21
2022-08-01 19:55:18,379 Single channel steps = 21
2022-08-01 19:55:18,379 Composite Grey steps = 61
2022-08-01 19:55:18,379 Composite Grey steps = 61
2022-08-01 19:55:18,379 Full spread patches = 562
2022-08-01 19:55:18,379 Full spread patches = 562
2022-08-01 19:55:18,380 Degree of adaptation: 1.000
2022-08-01 19:55:18,380 Degree of adaptation: 1.000
2022-08-01 19:55:18,380 Adaptation weights: Device = 0.350, Perceptual = 0.650, Curvature = 1.000
2022-08-01 19:55:18,380 Adaptation weights: Device = 0.350, Perceptual = 0.650, Curvature = 1.000
2022-08-01 19:55:18,380 Perceptual cache resolution = 9
2022-08-01 19:55:18,380 Perceptual cache resolution = 9
2022-08-01 19:55:18,391 Seeding cache...done
2022-08-01 19:55:18,391 Seeding cache...done
2022-08-01 19:55:18,391 Acceleration grid res = 9
2022-08-01 19:55:18,391 Acceleration grid res = 9
2022-08-01 19:55:18,395 
2022-08-01 19:55:18,395 
2022-08-01 19:55:18,396 There are 121 unique fixed points to add (127 total fixed points)
2022-08-01 19:55:18,396 There are 121 unique fixed points to add (127 total fixed points)
2022-08-01 19:55:18,396 There are 435 far spread points to add
2022-08-01 19:55:18,396 There are 435 far spread points to add
2022-08-01 19:55:18,397 
2022-08-01 19:55:18,397 
2022-08-01 19:55:18,400 Added 12/556
2022-08-01 19:55:18,400 Added 12/556
2022-08-01 19:55:18,401 Added 23/556
2022-08-01 19:55:18,402 Added 23/556
2022-08-01 19:55:18,403 Added 34/556
2022-08-01 19:55:18,403 Added 34/556
2022-08-01 19:55:18,405 Added 45/556
2022-08-01 19:55:18,405 Added 45/556
2022-08-01 19:55:18,407 Added 56/556
2022-08-01 19:55:18,407 Added 56/556
2022-08-01 19:55:18,409 Added 67/556
2022-08-01 19:55:18,409 Added 67/556
2022-08-01 19:55:18,412 Added 78/556
2022-08-01 19:55:18,412 Added 78/556
2022-08-01 19:55:18,413 Added 89/556
2022-08-01 19:55:18,413 Added 89/556
2022-08-01 19:55:18,415 Added 100/556
2022-08-01 19:55:18,415 Added 100/556
2022-08-01 19:55:18,417 Added 111/556
2022-08-01 19:55:18,417 Added 111/556
2022-08-01 19:55:18,419 Added 122/556
2022-08-01 19:55:18,419 Added 122/556
2022-08-01 19:55:18,421 Added 133/556
2022-08-01 19:55:18,421 Added 133/556
2022-08-01 19:55:18,423 Added 144/556
2022-08-01 19:55:18,423 Added 144/556
2022-08-01 19:55:18,425 Added 155/556
2022-08-01 19:55:18,425 Added 155/556
2022-08-01 19:55:18,427 Added 166/556
2022-08-01 19:55:18,427 Added 166/556
2022-08-01 19:55:18,428 Added 177/556
2022-08-01 19:55:18,428 Added 177/556
2022-08-01 19:55:18,430 Added 188/556
2022-08-01 19:55:18,430 Added 188/556
2022-08-01 19:55:18,433 Added 199/556
2022-08-01 19:55:18,433 Added 199/556
2022-08-01 19:55:18,436 Added 210/556
2022-08-01 19:55:18,436 Added 210/556
2022-08-01 19:55:18,437 Added 221/556
2022-08-01 19:55:18,437 Added 221/556
2022-08-01 19:55:18,439 Added 232/556
2022-08-01 19:55:18,439 Added 232/556
2022-08-01 19:55:18,440 Added 243/556
2022-08-01 19:55:18,441 Added 243/556
2022-08-01 19:55:18,443 Added 254/556
2022-08-01 19:55:18,443 Added 254/556
2022-08-01 19:55:18,445 Added 265/556
2022-08-01 19:55:18,445 Added 265/556
2022-08-01 19:55:18,446 Added 276/556
2022-08-01 19:55:18,446 Added 276/556
2022-08-01 19:55:18,448 Added 287/556
2022-08-01 19:55:18,449 Added 287/556
2022-08-01 19:55:18,450 Added 298/556
2022-08-01 19:55:18,450 Added 298/556
2022-08-01 19:55:18,452 Added 309/556
2022-08-01 19:55:18,452 Added 309/556
2022-08-01 19:55:18,454 Added 320/556
2022-08-01 19:55:18,454 Added 320/556
2022-08-01 19:55:18,456 Added 331/556
2022-08-01 19:55:18,456 Added 331/556
2022-08-01 19:55:18,458 Added 342/556
2022-08-01 19:55:18,458 Added 342/556
2022-08-01 19:55:18,459 Added 353/556
2022-08-01 19:55:18,459 Added 353/556
2022-08-01 19:55:18,461 Added 364/556
2022-08-01 19:55:18,461 Added 364/556
2022-08-01 19:55:18,462 Added 375/556
2022-08-01 19:55:18,462 Added 375/556
2022-08-01 19:55:18,464 Added 386/556
2022-08-01 19:55:18,464 Added 386/556
2022-08-01 19:55:18,466 Added 397/556
2022-08-01 19:55:18,466 Added 397/556
2022-08-01 19:55:18,468 Added 408/556
2022-08-01 19:55:18,468 Added 408/556
2022-08-01 19:55:18,469 Added 419/556
2022-08-01 19:55:18,469 Added 419/556
2022-08-01 19:55:18,471 Added 430/556
2022-08-01 19:55:18,471 Added 430/556
2022-08-01 19:55:18,472 Added 441/556
2022-08-01 19:55:18,472 Added 441/556
2022-08-01 19:55:18,474 Added 452/556
2022-08-01 19:55:18,474 Added 452/556
2022-08-01 19:55:18,476 Added 463/556
2022-08-01 19:55:18,476 Added 463/556
2022-08-01 19:55:18,477 Added 474/556
2022-08-01 19:55:18,477 Added 474/556
2022-08-01 19:55:18,479 Added 485/556
2022-08-01 19:55:18,479 Added 485/556
2022-08-01 19:55:18,481 Added 496/556
2022-08-01 19:55:18,481 Added 496/556
2022-08-01 19:55:18,482 Added 507/556
2022-08-01 19:55:18,482 Added 507/556
2022-08-01 19:55:18,484 Added 518/556
2022-08-01 19:55:18,484 Added 518/556
2022-08-01 19:55:18,485 Added 529/556
2022-08-01 19:55:18,485 Added 529/556
2022-08-01 19:55:18,487 Added 540/556
2022-08-01 19:55:18,487 Added 540/556
2022-08-01 19:55:18,488 Added 551/556
2022-08-01 19:55:18,488 Added 551/556
2022-08-01 19:55:18,488 Added 556/556
2022-08-01 19:55:18,488 Added 556/556
2022-08-01 19:55:18,491 After seeding points: MinPoint = 1.213, Min = 0.990, Avg. = 11.278, Max = 14.788, 0.1 secs
2022-08-01 19:55:18,491 After seeding points: MinPoint = 1.213, Min = 0.990, Avg. = 11.278, Max = 14.788, 0.1 secs
2022-08-01 19:55:18,493 Re-seeding
2022-08-01 19:55:18,493 Re-seeding
2022-08-01 19:55:18,585 It 1: Maxmv = 0.141002, MinPoint = 1.213, Min = 1.093, Avg. = 11.223, Max = 16.808, 0.1 secs.
2022-08-01 19:55:18,586 It 1: Maxmv = 0.141002, MinPoint = 1.213, Min = 1.093, Avg. = 11.223, Max = 16.808, 0.1 secs.
2022-08-01 19:55:18,588 Re-seeding
2022-08-01 19:55:18,588 Re-seeding
2022-08-01 19:55:18,687 It 2: Maxmv = 0.133727, MinPoint = 1.213, Min = 1.183, Avg. = 11.186, Max = 15.862, 0.1 secs.
2022-08-01 19:55:18,687 It 2: Maxmv = 0.133727, MinPoint = 1.213, Min = 1.183, Avg. = 11.186, Max = 15.862, 0.1 secs.
2022-08-01 19:55:18,689 Re-seeding
2022-08-01 19:55:18,689 Re-seeding
2022-08-01 19:55:18,787 It 3: Maxmv = 0.145564, MinPoint = 1.213, Min = 0.883, Avg. = 11.168, Max = 15.802, 0.1 secs.
2022-08-01 19:55:18,787 It 3: Maxmv = 0.145564, MinPoint = 1.213, Min = 0.883, Avg. = 11.168, Max = 15.802, 0.1 secs.
2022-08-01 19:55:18,790 Re-seeding
2022-08-01 19:55:18,790 Re-seeding
2022-08-01 19:55:18,888 It 4: Maxmv = 0.128158, MinPoint = 1.213, Min = 1.183, Avg. = 11.043, Max = 15.522, 0.1 secs.
2022-08-01 19:55:18,888 It 4: Maxmv = 0.128158, MinPoint = 1.213, Min = 1.183, Avg. = 11.043, Max = 15.522, 0.1 secs.
2022-08-01 19:55:18,890 Re-seeding
2022-08-01 19:55:18,890 Re-seeding
2022-08-01 19:55:18,991 It 5: Maxmv = 0.108024, MinPoint = 1.213, Min = 0.926, Avg. = 11.013, Max = 15.832, 0.1 secs.
2022-08-01 19:55:18,991 It 5: Maxmv = 0.108024, MinPoint = 1.213, Min = 0.926, Avg. = 11.013, Max = 15.832, 0.1 secs.
2022-08-01 19:55:18,994 Re-seeding
2022-08-01 19:55:18,994 Re-seeding
2022-08-01 19:55:19,089 It 6: Maxmv = 0.087723, MinPoint = 1.213, Min = 1.183, Avg. = 10.931, Max = 15.092, 0.1 secs.
2022-08-01 19:55:19,089 It 6: Maxmv = 0.087723, MinPoint = 1.213, Min = 1.183, Avg. = 10.931, Max = 15.092, 0.1 secs.
2022-08-01 19:55:19,092 Re-seeding
2022-08-01 19:55:19,092 Re-seeding
2022-08-01 19:55:19,189 It 7: Maxmv = 0.087745, MinPoint = 1.213, Min = 0.938, Avg. = 10.883, Max = 14.496, 0.1 secs.
2022-08-01 19:55:19,189 It 7: Maxmv = 0.087745, MinPoint = 1.213, Min = 0.938, Avg. = 10.883, Max = 14.496, 0.1 secs.
2022-08-01 19:55:19,191 Re-seeding
2022-08-01 19:55:19,192 Re-seeding
2022-08-01 19:55:19,285 It 8: Maxmv = 0.082409, MinPoint = 1.213, Min = 1.183, Avg. = 10.863, Max = 14.823, 0.1 secs.
2022-08-01 19:55:19,285 It 8: Maxmv = 0.082409, MinPoint = 1.213, Min = 1.183, Avg. = 10.863, Max = 14.823, 0.1 secs.
2022-08-01 19:55:19,287 Re-seeding
2022-08-01 19:55:19,287 Re-seeding
2022-08-01 19:55:19,383 It 9: Maxmv = 0.061104, MinPoint = 1.213, Min = 0.924, Avg. = 10.835, Max = 13.914, 0.1 secs.
2022-08-01 19:55:19,383 It 9: Maxmv = 0.061104, MinPoint = 1.213, Min = 0.924, Avg. = 10.835, Max = 13.914, 0.1 secs.
2022-08-01 19:55:19,385 Re-seeding
2022-08-01 19:55:19,385 Re-seeding
2022-08-01 19:55:19,481 It 10: Maxmv = 0.047838, MinPoint = 1.213, Min = 1.183, Avg. = 10.782, Max = 13.854, 0.1 secs.
2022-08-01 19:55:19,481 It 10: Maxmv = 0.047838, MinPoint = 1.213, Min = 1.183, Avg. = 10.782, Max = 13.854, 0.1 secs.
2022-08-01 19:55:19,484 Re-seeding
2022-08-01 19:55:19,484 Re-seeding
2022-08-01 19:55:19,581 It 11: Maxmv = 0.037620, MinPoint = 1.213, Min = 1.046, Avg. = 10.755, Max = 13.675, 0.1 secs.
2022-08-01 19:55:19,581 It 11: Maxmv = 0.037620, MinPoint = 1.213, Min = 1.046, Avg. = 10.755, Max = 13.675, 0.1 secs.
2022-08-01 19:55:19,584 Re-seeding
2022-08-01 19:55:19,584 Re-seeding
2022-08-01 19:55:19,678 It 12: Maxmv = 0.038078, MinPoint = 1.213, Min = 1.183, Avg. = 10.734, Max = 13.522, 0.1 secs.
2022-08-01 19:55:19,678 It 12: Maxmv = 0.038078, MinPoint = 1.213, Min = 1.183, Avg. = 10.734, Max = 13.522, 0.1 secs.
2022-08-01 19:55:19,681 Re-seeding
2022-08-01 19:55:19,681 Re-seeding
2022-08-01 19:55:19,780 It 13: Maxmv = 0.027583, MinPoint = 1.213, Min = 1.183, Avg. = 10.718, Max = 13.440, 0.1 secs.
2022-08-01 19:55:19,780 It 13: Maxmv = 0.027583, MinPoint = 1.213, Min = 1.183, Avg. = 10.718, Max = 13.440, 0.1 secs.
2022-08-01 19:55:19,782 Re-seeding
2022-08-01 19:55:19,782 Re-seeding
2022-08-01 19:55:19,882 It 14: Maxmv = 0.020978, MinPoint = 1.213, Min = 1.183, Avg. = 10.707, Max = 13.162, 0.1 secs.
2022-08-01 19:55:19,882 It 14: Maxmv = 0.020978, MinPoint = 1.213, Min = 1.183, Avg. = 10.707, Max = 13.162, 0.1 secs.
2022-08-01 19:55:19,884 Re-seeding
2022-08-01 19:55:19,884 Re-seeding
2022-08-01 19:55:19,982 It 15: Maxmv = 0.016783, MinPoint = 1.213, Min = 1.183, Avg. = 10.710, Max = 13.252, 0.1 secs.
2022-08-01 19:55:19,982 It 15: Maxmv = 0.016783, MinPoint = 1.213, Min = 1.183, Avg. = 10.710, Max = 13.252, 0.1 secs.
2022-08-01 19:55:19,984 Re-seeding
2022-08-01 19:55:19,984 Re-seeding
2022-08-01 19:55:20,081 It 16: Maxmv = 0.012392, MinPoint = 1.213, Min = 1.183, Avg. = 10.698, Max = 12.994, 0.1 secs.
2022-08-01 19:55:20,082 It 16: Maxmv = 0.012392, MinPoint = 1.213, Min = 1.183, Avg. = 10.698, Max = 12.994, 0.1 secs.
2022-08-01 19:55:20,084 Re-seeding
2022-08-01 19:55:20,084 Re-seeding
2022-08-01 19:55:20,181 It 17: Maxmv = 0.008750, MinPoint = 1.213, Min = 1.183, Avg. = 10.694, Max = 12.973, 0.1 secs.
2022-08-01 19:55:20,181 It 17: Maxmv = 0.008750, MinPoint = 1.213, Min = 1.183, Avg. = 10.694, Max = 12.973, 0.1 secs.
2022-08-01 19:55:20,184 Re-seeding
2022-08-01 19:55:20,184 Re-seeding
2022-08-01 19:55:20,282 It 18: Maxmv = 0.005545, MinPoint = 1.213, Min = 1.183, Avg. = 10.693, Max = 12.924, 0.1 secs.
2022-08-01 19:55:20,282 It 18: Maxmv = 0.005545, MinPoint = 1.213, Min = 1.183, Avg. = 10.693, Max = 12.924, 0.1 secs.
2022-08-01 19:55:20,285 Re-seeding
2022-08-01 19:55:20,285 Re-seeding
2022-08-01 19:55:20,385 It 19: Maxmv = 0.001951, MinPoint = 1.213, Min = 1.183, Avg. = 10.691, Max = 12.888, 0.1 secs.
2022-08-01 19:55:20,385 It 19: Maxmv = 0.001951, MinPoint = 1.213, Min = 1.183, Avg. = 10.691, Max = 12.888, 0.1 secs.
2022-08-01 19:55:20,387 Re-seeding
2022-08-01 19:55:20,387 Re-seeding
2022-08-01 19:55:20,487 It 20: Maxmv = 0.002002, MinPoint = 1.213, Min = 1.183, Avg. = 10.692, Max = 12.855, 0.1 secs.
2022-08-01 19:55:20,487 It 20: Maxmv = 0.002002, MinPoint = 1.213, Min = 1.183, Avg. = 10.692, Max = 12.855, 0.1 secs.
2022-08-01 19:55:20,488 After optimization: MinPoint = 1.213, Min = 1.183, Avg. = 10.692, Max = 12.855
2022-08-01 19:55:20,488 After optimization: MinPoint = 1.213, Min = 1.183, Avg. = 10.692, Max = 12.855
2022-08-01 19:55:20,488 Extra display response delay = 297.756600 sec., optimizing....
2022-08-01 19:55:20,488 Extra display response delay = 297.756600 sec., optimizing....
2022-08-01 19:55:20,488 
2022-08-01 19:55:20,488 
2022-08-01 19:55:20,516  0%
2022-08-01 19:55:20,516  0%
2022-08-01 19:55:20,545 30%
2022-08-01 19:55:20,545 30%
2022-08-01 19:55:20,574 38%
2022-08-01 19:55:20,574 38%
2022-08-01 19:55:20,603 41%
2022-08-01 19:55:20,603 41%
2022-08-01 19:55:20,632 44%
2022-08-01 19:55:20,632 44%
2022-08-01 19:55:20,661 46%
2022-08-01 19:55:20,661 46%
2022-08-01 19:55:20,689 48%
2022-08-01 19:55:20,689 48%
2022-08-01 19:55:20,718 48%
2022-08-01 19:55:20,718 48%
2022-08-01 19:55:20,747 48%
2022-08-01 19:55:20,747 48%
2022-08-01 19:55:20,775 49%
2022-08-01 19:55:20,775 49%
2022-08-01 19:55:20,807 49%
2022-08-01 19:55:20,807 49%
2022-08-01 19:55:20,840 67%
2022-08-01 19:55:20,840 67%
2022-08-01 19:55:20,872 80%
2022-08-01 19:55:20,872 80%
2022-08-01 19:55:20,904 87%
2022-08-01 19:55:20,904 87%
2022-08-01 19:55:20,936 93%
2022-08-01 19:55:20,936 93%
2022-08-01 19:55:20,968 97%
2022-08-01 19:55:20,968 97%
2022-08-01 19:55:21,001 98%
2022-08-01 19:55:21,001 98%
2022-08-01 19:55:21,001 99%
2022-08-01 19:55:21,001 99%
2022-08-01 19:55:21,001 100%
2022-08-01 19:55:21,001 100%
2022-08-01 19:55:21,001 Optimised display response delay = 194.679326 sec.
2022-08-01 19:55:21,001 Optimised display response delay = 194.679326 sec.
2022-08-01 19:55:21,001 Total number of patches = 562
2022-08-01 19:55:21,001 Total number of patches = 562
2022-08-01 19:55:21,002 Execution time = 2.620645 seconds
2022-08-01 19:55:21,002 Execution time = 2.620645 seconds
2022-08-01 19:55:21,002 DisplayCAL: Reached EOF (OK)
2022-08-01 19:55:21,103 targen exitcode: 0
2022-08-01 19:55:21,109 --------------------------------------------------------------------------------
2022-08-01 19:55:21,109 Working directory:
2022-08-01 19:55:21,109   /
2022-08-01 19:55:21,109    tmp/
2022-08-01 19:55:21,109     DisplayCAL-6rc9zncg/
2022-08-01 19:55:21,109 
2022-08-01 19:55:21,109 Command line:
2022-08-01 19:55:21,109   /usr/bin/dispread
2022-08-01 19:55:21,109     -v
2022-08-01 19:55:21,109     -d1
2022-08-01 19:55:21,109     -c1
2022-08-01 19:55:21,109     -yn
2022-08-01 19:55:21,109     -P0.5,0.5,1.5
2022-08-01 19:55:21,109     -k
2022-08-01 19:55:21,109     'NV140DRM-N62 #1 2022-08-01 19-50 2.2 F-S XYZLUT+MTX.cal'
2022-08-01 19:55:21,109     'NV140DRM-N62 #1 2022-08-01 19-50 2.2 F-S XYZLUT+MTX'
2022-08-01 19:55:21,109 
2022-08-01 19:55:21,113 DisplayCAL: Starting interaction with subprocess
2022-08-01 19:55:24,621 Number of patches = 562
2022-08-01 19:55:24,621 Number of patches = 562
2022-08-01 19:55:24,623 Setting up the instrument
2022-08-01 19:55:24,623 Setting up the instrument
2022-08-01 19:55:25,814 Product Name:      i1Display3
2022-08-01 19:55:25,814 Product Name:      i1Display3
2022-08-01 19:55:25,814 Serial Number:     C3-21.B-02.012513.06
2022-08-01 19:55:25,814 Serial Number:     C3-21.B-02.012513.06
2022-08-01 19:55:25,814 Firmware Version:  v2.28
2022-08-01 19:55:25,814 Firmware Version:  v2.28
2022-08-01 19:55:25,814 Firmware Date:     29Jan14
2022-08-01 19:55:25,814 Firmware Date:     29Jan14
2022-08-01 19:55:26,034 Place instrument on test window.
2022-08-01 19:55:26,034 Place instrument on test window.
2022-08-01 19:55:26,036 DisplayCAL: Waiting for send buffer
2022-08-01 19:55:26,036 DisplayCAL: Detected instrument placement (screen/spot) message
2022-08-01 19:55:27,538 DisplayCAL: Skipping place instrument on screen message...
2022-08-01 19:55:27,546 DisplayCAL: Send buffer received:
2022-08-01 19:55:27,546 DisplayCAL: Sending buffer: ' '
2022-08-01 19:55:27,597 Hit Esc or Q to give up, any other key to continue:
2022-08-01 19:55:27,598 Hit Esc or Q to give up, any other key to continue:
2022-08-01 19:55:30,203 Measured display update delay of 32 msec, using delay of 142 msec & 0 msec inst reaction
2022-08-01 19:55:30,203 Measured display update delay of 32 msec, using delay of 142 msec & 0 msec inst reaction
2022-08-01 20:03:38,845 Patch 562 of 562
2022-08-01 20:03:38,846 Patch 562 of 562
2022-08-01 20:03:38,846 The instrument can be removed from the screen.
2022-08-01 20:03:38,846 The instrument can be removed from the screen.
2022-08-01 20:03:39,152 Written 'NV140DRM-N62 #1 2022-08-01 19-50 2.2 F-S XYZLUT+MTX.ti3'
2022-08-01 20:03:39,152 Written 'NV140DRM-N62 #1 2022-08-01 19-50 2.2 F-S XYZLUT+MTX.ti3'
2022-08-01 20:03:39,154 DisplayCAL: Reached EOF (OK)
2022-08-01 20:03:39,256 dispread exitcode: 0
2022-08-01 20:03:39,367 DisplayCAL: Adding 34 fixed points to /tmp/DisplayCAL-6rc9zncg/NV140DRM-N62 #1 2022-08-01 19-50 2.2 F-S XYZLUT+MTX.ti3
2022-08-01 20:03:39,396 DisplayCAL: Adding 34 fixed points to /tmp/DisplayCAL-6rc9zncg/NV140DRM-N62 #1 2022-08-01 19-50 2.2 F-S XYZLUT+MTX.ti1
2022-08-01 20:03:39,456 Preparing ChromaticityType tag from TI3 colorants
2022-08-01 20:03:39,457 Storing settings in TI3
2022-08-01 20:03:39,499 Extracting neutrals from /tmp/DisplayCAL-6rc9zncg/NV140DRM-N62 #1 2022-08-01 19-50 2.2 F-S XYZLUT+MTX.ti3
2022-08-01 20:03:39,519 Applying 0% black point correction to TI3
2022-08-01 20:03:39,742 --------------------------------------------------------------------------------
2022-08-01 20:03:39,742 Working directory:
2022-08-01 20:03:39,742   /
2022-08-01 20:03:39,742    tmp/
2022-08-01 20:03:39,742     DisplayCAL-6rc9zncg/
2022-08-01 20:03:39,742 
2022-08-01 20:03:39,742 Command line:
2022-08-01 20:03:39,742   /usr/bin/colprof
2022-08-01 20:03:39,742     -v
2022-08-01 20:03:39,742     -qh
2022-08-01 20:03:39,743     -ax
2022-08-01 20:03:39,743     -bn
2022-08-01 20:03:39,743     -C
2022-08-01 20:03:39,743     'No copyright. Created with DisplayCAL 3.9.6 and Argyll CMS 2.3.1'
2022-08-01 20:03:39,743     -A
2022-08-01 20:03:39,743     BOE
2022-08-01 20:03:39,743     -D
2022-08-01 20:03:39,743     'NV140DRM-N62 #1 2022-08-01 19-50 2.2 F-S XYZLUT+MTX'
2022-08-01 20:03:39,743     'NV140DRM-N62 #1 2022-08-01 19-50 2.2 F-S XYZLUT+MTX'
2022-08-01 20:03:39,743 
2022-08-01 20:03:39,750 DisplayCAL: Waiting for EOF
2022-08-01 20:03:39,765 Dark emphasis factor 1.389581 from targen
2022-08-01 20:03:39,765 Dark emphasis factor 1.389581 from targen
2022-08-01 20:03:39,766 No of test patches = 596
2022-08-01 20:03:39,766 No of test patches = 596
2022-08-01 20:03:39,766 Omitted 0 zero measurements
2022-08-01 20:03:39,766 Omitted 0 zero measurements
2022-08-01 20:03:39,767 Estimating white point
2022-08-01 20:03:39,767 Estimating white point
2022-08-01 20:03:39,767 Approximate White point XYZ = 0.90731075 0.99930617 1.01111483, Lab = 99.973166 -9.918406 -14.086512
2022-08-01 20:03:39,767 Approximate White point XYZ = 0.90731075 0.99930617 1.01111483, Lab = 99.973166 -9.918406 -14.086512
2022-08-01 20:03:39,767 Creating optimised per channel curves
2022-08-01 20:03:39,767 Creating optimised per channel curves
2022-08-01 20:03:39,767 Initial White Point XYZ 0.907311 0.999306 1.011115, Lab 99.973166 -9.918406 -14.086512
2022-08-01 20:03:39,767 Initial White Point XYZ 0.907311 0.999306 1.011115, Lab 99.973166 -9.918406 -14.086512
2022-08-01 20:03:39,767 About to optimise temporary matrix
2022-08-01 20:03:39,767 About to optimise temporary matrix
2022-08-01 20:03:39,768 
2022-08-01 20:03:39,768 
2022-08-01 20:03:39,837   0%
2022-08-01 20:03:39,837   0%
2022-08-01 20:03:39,854   5%
2022-08-01 20:03:39,854   5%
2022-08-01 20:03:39,869   8%
2022-08-01 20:03:39,869   8%
2022-08-01 20:03:39,954  19%
2022-08-01 20:03:39,954  19%
2022-08-01 20:03:39,954  100%
2022-08-01 20:03:39,954  100%
2022-08-01 20:03:39,954 About to optimise a common ord 0 input curve and matrix
2022-08-01 20:03:39,954 About to optimise a common ord 0 input curve and matrix
2022-08-01 20:03:39,954 
2022-08-01 20:03:39,954 
2022-08-01 20:03:40,332   0%
2022-08-01 20:03:40,332   0%
2022-08-01 20:03:40,385   1%
2022-08-01 20:03:40,385   1%
2022-08-01 20:03:40,460  67%
2022-08-01 20:03:40,460  67%
2022-08-01 20:03:40,460  100%
2022-08-01 20:03:40,460  100%
2022-08-01 20:03:40,460 About to optimise a common input curve and matrix
2022-08-01 20:03:40,460 About to optimise a common input curve and matrix
2022-08-01 20:03:40,460 
2022-08-01 20:03:40,460 
2022-08-01 20:03:40,489   0%
2022-08-01 20:03:40,489   0%
2022-08-01 20:03:40,516  35%
2022-08-01 20:03:40,516  35%
2022-08-01 20:03:40,516  100%
2022-08-01 20:03:40,516  100%
2022-08-01 20:03:40,516 About to optimise input curves and matrix
2022-08-01 20:03:40,516 About to optimise input curves and matrix
2022-08-01 20:03:40,516 
2022-08-01 20:03:40,516 
2022-08-01 20:03:40,585   0%
2022-08-01 20:03:40,585   0%
2022-08-01 20:03:40,585  100%
2022-08-01 20:03:40,585  100%
2022-08-01 20:03:40,585 About to optimise output curves and matrix
2022-08-01 20:03:40,585 About to optimise output curves and matrix
2022-08-01 20:03:40,585 
2022-08-01 20:03:40,585 
2022-08-01 20:03:42,157   0%
2022-08-01 20:03:42,157   0%
2022-08-01 20:03:42,180   2%
2022-08-01 20:03:42,180   2%
2022-08-01 20:03:42,255  12%
2022-08-01 20:03:42,255  12%
2022-08-01 20:03:42,400  81%
2022-08-01 20:03:42,401  81%
2022-08-01 20:03:42,888  89%
2022-08-01 20:03:42,888  89%
2022-08-01 20:03:42,888  100%
2022-08-01 20:03:42,888  100%
2022-08-01 20:03:42,888 About to optimise input curves and matrix again
2022-08-01 20:03:42,888 About to optimise input curves and matrix again
2022-08-01 20:03:42,888 
2022-08-01 20:03:42,888 
2022-08-01 20:03:43,115   0%
2022-08-01 20:03:43,115   0%
2022-08-01 20:03:43,115  100%
2022-08-01 20:03:43,115  100%
2022-08-01 20:03:43,115 About to optimise input, matrix and output together
2022-08-01 20:03:43,115 About to optimise input, matrix and output together
2022-08-01 20:03:43,115 
2022-08-01 20:03:43,115 
2022-08-01 20:03:43,145   0%
2022-08-01 20:03:43,145   0%
2022-08-01 20:03:51,492  29%
2022-08-01 20:03:51,492  29%
2022-08-01 20:03:51,518  32%
2022-08-01 20:03:51,518  32%
2022-08-01 20:03:52,305  36%
2022-08-01 20:03:52,305  36%
2022-08-01 20:03:53,043  40%
2022-08-01 20:03:53,043  40%
2022-08-01 20:03:53,885  41%
2022-08-01 20:03:53,885  41%
2022-08-01 20:03:53,962  44%
2022-08-01 20:03:53,963  44%
2022-08-01 20:03:54,698  45%
2022-08-01 20:03:54,698  45%
2022-08-01 20:03:54,832  55%
2022-08-01 20:03:54,832  55%
2022-08-01 20:03:55,642  63%
2022-08-01 20:03:55,642  63%
2022-08-01 20:03:55,671  65%
2022-08-01 20:03:55,671  65%
2022-08-01 20:03:55,786  74%
2022-08-01 20:03:55,786  74%
2022-08-01 20:03:55,816  75%
2022-08-01 20:03:55,816  75%
2022-08-01 20:03:56,434  78%
2022-08-01 20:03:56,434  78%
2022-08-01 20:03:57,771  93%
2022-08-01 20:03:57,771  93%
2022-08-01 20:03:57,771  100%
2022-08-01 20:03:57,771  100%
2022-08-01 20:03:57,771 About to create grid position input curves
2022-08-01 20:03:57,771 About to create grid position input curves
2022-08-01 20:03:57,821 Create final clut from scattered data
2022-08-01 20:03:57,821 Create final clut from scattered data
2022-08-01 20:04:00,210 *****************************************************************************************************************************************************************************************************************************************************************************************************************************************************************************************************************************************************************************************************************************************************************************************************************************************************************************************************************************************************************************************************************************************************************************************************************************************************************************************************************************************************************************************************************************************************************************************************************************************************************************************************************************************************************************************************************************************************************************************************************************************************************************************************************************************************************************************************************************************************************************************************************************************************************************************************************************************************************************************************************************************************************************************************************************************************************************************************************************************************************************************************************************************************************************************************************************************************************************************************************************************************************************************************************************************************************************************************************************************************************************************************************************************************************************************************************************************************************************************************************************************************************************************************************************************************************************************************************************
2022-08-01 20:04:00,210 *****************************************************************************************************************************************************************************************************************************************************************************************************************************************************************************************************************************************************************************************************************************************************************************************************************************************************************************************************************************************************************************************************************************************************************************************************************************************************************************************************************************************************************************************************************************************************************************************************************************************************************************************************************************************************************************************************************************************************************************************************************************************************************************************************************************************************************************************************************************************************************************************************************************************************************************************************************************************************************************************************************************************************************************************************************************************************************************************************************************************************************************************************************************************************************************************************************************************************************************************************************************************************************************************************************************************************************************************************************************************************************************************************************************************************************************************************************************************************************************************************************************************************************************************************************************************************************************************************************************
2022-08-01 20:04:00,211 Doing White point fine tune:
2022-08-01 20:04:00,211 Doing White point fine tune:
2022-08-01 20:04:00,211 Before fine tune, rel WP = XYZ 0.964086 0.999883 0.824825, Lab 99.995487 -0.000736 -0.001267
2022-08-01 20:04:00,211 Before fine tune, rel WP = XYZ 0.964086 0.999883 0.824825, Lab 99.995487 -0.000736 -0.001267
2022-08-01 20:04:00,275 After fine tune, rel WP = XYZ 0.964203 1.000000 0.824905, Lab 99.999998 0.000001 -0.000002
2022-08-01 20:04:00,275 After fine tune, rel WP = XYZ 0.964203 1.000000 0.824905, Lab 99.999998 0.000001 -0.000002
2022-08-01 20:04:00,275                  abs WP = XYZ 0.90720168 0.99919004 1.01101610, Lab 99.968673 -9.918676 -14.087291
2022-08-01 20:04:00,275                  abs WP = XYZ 0.90720168 0.99919004 1.01101610, Lab 99.968673 -9.918676 -14.087291
2022-08-01 20:04:00,287 Creating fast inverse input lookups
2022-08-01 20:04:00,287 Creating fast inverse input lookups
2022-08-01 20:04:00,288 White point XYZ = 0.90720168 0.99919004 1.01101610, Lab = 99.968673 -9.918676 -14.087291
2022-08-01 20:04:00,288 White point XYZ = 0.90720168 0.99919004 1.01101610, Lab = 99.968673 -9.918676 -14.087291
2022-08-01 20:04:00,288 Find black point
2022-08-01 20:04:00,288 Find black point
2022-08-01 20:04:00,288 Black point XYZ = 0.00055845 0.00061498 0.00062184, Lab = 0.555510 -0.139382 -0.216255
2022-08-01 20:04:00,288 Black point XYZ = 0.00055845 0.00061498 0.00062184, Lab = 0.555510 -0.139382 -0.216255
2022-08-01 20:04:00,288 Display Luminance = 311.130615
2022-08-01 20:04:00,288 Display Luminance = 311.130615
2022-08-01 20:04:00,295 Done A to B table creation
2022-08-01 20:04:00,295 Done A to B table creation
2022-08-01 20:04:00,295 Setting up B to A table lookup
2022-08-01 20:04:00,295 Setting up B to A table lookup
2022-08-01 20:04:00,302 Creating B to A tables
2022-08-01 20:04:00,302 Creating B to A tables
2022-08-01 20:04:00,303  0%
2022-08-01 20:04:00,303  0%
2022-08-01 20:04:00,303 Rev cache RAM = 5698 Mbytes
2022-08-01 20:04:00,303 Rev cache RAM = 5698 Mbytes
2022-08-01 20:04:00,304 
2022-08-01 20:04:00,304 
2022-08-01 20:04:00,304 Looks like an XYZ space
2022-08-01 20:04:00,304 Looks like an XYZ space
2022-08-01 20:04:00,304 
2022-08-01 20:04:00,304 
2022-08-01 20:04:00,304 Initializing nnrev arrays...
2022-08-01 20:04:00,304 Initializing nnrev arrays...
2022-08-01 20:04:00,304 
2022-08-01 20:04:00,304 
2022-08-01 20:04:00,304 There is 1 rev cache instance with 5698 Mbytes limit
2022-08-01 20:04:00,304 There is 1 rev cache instance with 5698 Mbytes limit
2022-08-01 20:04:09,764 
2022-08-01 20:04:09,764 
2022-08-01 20:04:09,764 nnrev initialization done
2022-08-01 20:04:09,764 nnrev initialization done
2022-08-01 20:04:09,784 
2022-08-01 20:04:09,784 
2022-08-01 20:04:09,784 Initializing nnrev arrays...
2022-08-01 20:04:09,785 Initializing nnrev arrays...
2022-08-01 20:04:09,785 
2022-08-01 20:04:09,785 
2022-08-01 20:04:09,785 There are 2 rev cache instances with 2849 Mbytes limit
2022-08-01 20:04:09,785 There are 2 rev cache instances with 2849 Mbytes limit
2022-08-01 20:04:23,248 
2022-08-01 20:04:23,248 
2022-08-01 20:04:23,248 nnrev initialization done
2022-08-01 20:04:23,249 nnrev initialization done
2022-08-01 20:04:23,249 
2022-08-01 20:04:23,249 
2022-08-01 20:04:23,253  3%
2022-08-01 20:04:23,253  3%
2022-08-01 20:04:23,254  6%
2022-08-01 20:04:23,254  6%
2022-08-01 20:04:23,258  9%
2022-08-01 20:04:23,258  9%
2022-08-01 20:04:23,260 11%
2022-08-01 20:04:23,260 11%
2022-08-01 20:04:23,260 14%
2022-08-01 20:04:23,261 14%
2022-08-01 20:04:23,262 17%
2022-08-01 20:04:23,262 17%
2022-08-01 20:04:23,265 20%
2022-08-01 20:04:23,265 20%
2022-08-01 20:04:23,270 23%
2022-08-01 20:04:23,270 23%
2022-08-01 20:04:23,273 26%
2022-08-01 20:04:23,273 26%
2022-08-01 20:04:23,274 29%
2022-08-01 20:04:23,274 29%
2022-08-01 20:04:23,278 31%
2022-08-01 20:04:23,278 31%
2022-08-01 20:04:23,284 34%
2022-08-01 20:04:23,284 34%
2022-08-01 20:04:23,286 37%
2022-08-01 20:04:23,286 37%
2022-08-01 20:04:23,297 40%
2022-08-01 20:04:23,297 40%
2022-08-01 20:04:23,302 43%
2022-08-01 20:04:23,302 43%
2022-08-01 20:04:23,306 46%
2022-08-01 20:04:23,306 46%
2022-08-01 20:04:23,309 49%
2022-08-01 20:04:23,309 49%
2022-08-01 20:04:23,310 51%
2022-08-01 20:04:23,310 51%
2022-08-01 20:04:23,311 54%
2022-08-01 20:04:23,311 54%
2022-08-01 20:04:23,312 57%
2022-08-01 20:04:23,312 57%
2022-08-01 20:04:23,314 60%
2022-08-01 20:04:23,314 60%
2022-08-01 20:04:23,315 63%
2022-08-01 20:04:23,315 63%
2022-08-01 20:04:23,319 66%
2022-08-01 20:04:23,319 66%
2022-08-01 20:04:23,325 69%
2022-08-01 20:04:23,325 69%
2022-08-01 20:04:23,329 71%
2022-08-01 20:04:23,329 71%
2022-08-01 20:04:23,335 74%
2022-08-01 20:04:23,335 74%
2022-08-01 20:04:23,338 77%
2022-08-01 20:04:23,338 77%
2022-08-01 20:04:23,338 Done B to A tables
2022-08-01 20:04:23,338 Done B to A tables
2022-08-01 20:04:23,350 
2022-08-01 20:04:23,350 
2022-08-01 20:04:23,350 There is 1 rev cache instance with 5698 Mbytes limit
2022-08-01 20:04:23,350 There is 1 rev cache instance with 5698 Mbytes limit
2022-08-01 20:04:23,356 Profile check complete, peak err = 0.737837, avg err = 0.187710, RMS = 0.229225
2022-08-01 20:04:23,356 Profile check complete, peak err = 0.737837, avg err = 0.187710, RMS = 0.229225
2022-08-01 20:04:23,359 DisplayCAL: Reached EOF (OK)
2022-08-01 20:04:23,460 colprof exitcode: 0
2022-08-01 20:04:23,462 --------------------------------------------------------------------------------
2022-08-01 20:04:23,462 Creating matrix from primaries
2022-08-01 20:04:23,462 Using chromatic adaptation transform matrix: Bradford
2022-08-01 20:04:23,464 Generating A2B1 by copying A2B0
2022-08-01 20:04:23,478 Making distinct A2B0
2022-08-01 20:04:23,604 Applying black point compensation to A2B0: L*a*b* 0.000000 0.000000 0.000000
2022-08-01 20:04:24,451 --------------------------------------------------------------------------------
2022-08-01 20:04:24,452 Generating B2A1 table by inverting A2B1 table
2022-08-01 20:04:24,452 Generating B2A1 table by inverting A2B1 table
2022-08-01 20:04:24,452 
2022-08-01 20:04:24,452 
2022-08-01 20:04:24,452 Using chromatic adaptation transform matrix: Bradford
2022-08-01 20:04:24,465 Black XYZ: 0.0006 0.0006 0.0005
2022-08-01 20:04:24,465 Black XYZ: 0.0006 0.0006 0.0005
2022-08-01 20:04:24,466 White XYZ: 0.9642 1.0000 0.8249
2022-08-01 20:04:24,466 White XYZ: 0.9642 1.0000 0.8249
2022-08-01 20:04:24,466 R XYZ: 0.4328 0.2252 0.0102
2022-08-01 20:04:24,466 R XYZ: 0.4328 0.2252 0.0102
2022-08-01 20:04:24,466 G XYZ: 0.3972 0.7105 0.0962
2022-08-01 20:04:24,466 G XYZ: 0.3972 0.7105 0.0962
2022-08-01 20:04:24,466 B XYZ: 0.1324 0.0626 0.7178
2022-08-01 20:04:24,466 B XYZ: 0.1324 0.0626 0.7178
2022-08-01 20:04:24,466 Generating input curve PCS values...
2022-08-01 20:04:24,466 Generating input curve PCS values...
2022-08-01 20:04:24,532 Looking up input curve RGB values...
2022-08-01 20:04:24,532 Looking up input curve RGB values...
2022-08-01 20:04:24,532 Setting up matrix
2022-08-01 20:04:24,532 Setting up matrix
2022-08-01 20:04:24,532 Increasing saturation of actual primaries for PCS candidate to 103%...
2022-08-01 20:04:24,532 Increasing saturation of actual primaries for PCS candidate to 103%...
2022-08-01 20:04:24,533 R xy 0.647680 0.336999 -> 0.656740 0.336353
2022-08-01 20:04:24,533 R xy 0.647680 0.336999 -> 0.656740 0.336353
2022-08-01 20:04:24,533 G xy 0.329919 0.590145 -> 0.329446 0.597093
2022-08-01 20:04:24,533 G xy 0.329919 0.590145 -> 0.329446 0.597093
2022-08-01 20:04:24,533 B xy 0.145079 0.068624 -> 0.139060 0.059926
2022-08-01 20:04:24,533 B xy 0.145079 0.068624 -> 0.139060 0.059926
2022-08-01 20:04:24,533 Checking for suitable PCS candidate...
2022-08-01 20:04:24,533 Checking for suitable PCS candidate...
2022-08-01 20:04:24,533 Skipping PCS candidate based on actual primaries because it does not encompass Rec. 709 blue
2022-08-01 20:04:24,533 Skipping PCS candidate based on actual primaries because it does not encompass Rec. 709 blue
2022-08-01 20:04:24,534 Rec709-encompassing, variant 1 fit: 1.02 (area: 77.31%)
2022-08-01 20:04:24,534 Rec709-encompassing, variant 1 fit: 1.02 (area: 77.31%)
2022-08-01 20:04:24,534 Using primaries: Rec709-encompassing, variant 1
2022-08-01 20:04:24,534 Using primaries: Rec709-encompassing, variant 1
2022-08-01 20:04:24,534 Using R XYZ: 0.4858 0.2242 0.0015
2022-08-01 20:04:24,534 Using R XYZ: 0.4858 0.2242 0.0015
2022-08-01 20:04:24,534 Using G XYZ: 0.3599 0.7326 0.0681
2022-08-01 20:04:24,534 Using G XYZ: 0.3599 0.7326 0.0681
2022-08-01 20:04:24,534 Using B XYZ: 0.1185 0.0432 0.7553
2022-08-01 20:04:24,534 Using B XYZ: 0.1185 0.0432 0.7553
2022-08-01 20:04:24,534 R+G+B XYZ: 0.9642 1.0000 0.8249
2022-08-01 20:04:24,534 R+G+B XYZ: 0.9642 1.0000 0.8249
2022-08-01 20:04:24,535 Correction factors: 0.9999 1.0000 1.0000
2022-08-01 20:04:24,535 Correction factors: 0.9999 1.0000 1.0000
2022-08-01 20:04:24,535 Matrix 1:
2022-08-01 20:04:24,535 Matrix 1:
2022-08-01 20:04:24,535 [2.6443266000333088, -1.2671854900907105, -0.34243449831665096]
2022-08-01 20:04:24,535 [2.6443266000333088, -1.2671854900907105, -0.34243449831665096]
2022-08-01 20:04:24,535 [-0.8132078188032739, 1.7620115550086903, 0.02677103149645555]
2022-08-01 20:04:24,535 [-0.8132078188032739, 1.7620115550086903, 0.02677103149645555]
2022-08-01 20:04:24,535 [0.06804998251154655, -0.15628104056263473, 1.3221811703539847]
2022-08-01 20:04:24,535 [0.06804998251154655, -0.15628104056263473, 1.3221811703539847]
2022-08-01 20:04:24,535 Matrix 2:
2022-08-01 20:04:24,535 Matrix 2:
2022-08-01 20:04:24,535 [2.644572798577972, -1.2673034706848907, -0.3424663804885154]
2022-08-01 20:04:24,535 [2.644572798577972, -1.2673034706848907, -0.3424663804885154]
2022-08-01 20:04:24,536 [-0.8131832852845882, 1.7619583972027646, 0.026770223846078547]
2022-08-01 20:04:24,536 [-0.8131832852845882, 1.7619583972027646, 0.026770223846078547]
2022-08-01 20:04:24,536 [0.06805192167700427, -0.1562854939773803, 1.3222188474842316]
2022-08-01 20:04:24,536 [0.06805192167700427, -0.1562854939773803, 1.3222188474842316]
2022-08-01 20:04:24,536 Matrix 3:
2022-08-01 20:04:24,536 Matrix 3:
2022-08-01 20:04:24,536 [1.999969482421875, 0, 0]
2022-08-01 20:04:24,536 [1.999969482421875, 0, 0]
2022-08-01 20:04:24,536 [0, 1.999969482421875, 0]
2022-08-01 20:04:24,536 [0, 1.999969482421875, 0]
2022-08-01 20:04:24,536 [0, 0, 1.999969482421875]
2022-08-01 20:04:24,536 [0, 0, 1.999969482421875]
2022-08-01 20:04:24,536 Final matrix:
2022-08-01 20:04:24,536 Final matrix:
2022-08-01 20:04:24,537 [5.289064891198956, -2.5345682663371067, -0.6849223097325091]
2022-08-01 20:04:24,537 [5.289064891198956, -2.5345682663371067, -0.6849223097325091]
2022-08-01 20:04:24,537 [-1.6263417541847378, 3.5238630237024897, 0.053539630729759445]
2022-08-01 20:04:24,537 [-1.6263417541847378, 3.5238630237024897, 0.053539630729759445]
2022-08-01 20:04:24,537 [0.13610176657417222, -0.3125662184999884, 2.6443973440514865]
2022-08-01 20:04:24,537 [0.13610176657417222, -0.3125662184999884, 2.6443973440514865]
2022-08-01 20:04:24,537 Applying matrix to input curve XYZ values...
2022-08-01 20:04:24,537 Applying matrix to input curve XYZ values...
2022-08-01 20:04:24,540 Generating input curves...
2022-08-01 20:04:24,540 Generating input curves...
2022-08-01 20:04:27,648 100%
2022-08-01 20:04:27,648 100%
2022-08-01 20:04:27,649 Generating A2B1 table lookup input values...
2022-08-01 20:04:27,649 Generating A2B1 table lookup input values...
2022-08-01 20:04:27,649 cLUT grid res: 33
2022-08-01 20:04:27,649 cLUT grid res: 33
2022-08-01 20:04:27,649 Looking up input values through A2B1 table (12 workers)...
2022-08-01 20:04:27,649 Looking up input values through A2B1 table (12 workers)...
2022-08-01 20:04:27,649 Using CAM Jab for clipping
2022-08-01 20:04:27,649 Using CAM Jab for clipping
2022-08-01 20:04:54,217 100%
2022-08-01 20:04:54,217 100%
2022-08-01 20:04:54,217 Input black XYZ: 0.000601 0.000615 0.000488
2022-08-01 20:04:54,217 Input black XYZ: 0.000601 0.000615 0.000488
2022-08-01 20:04:54,218 Input white XYZ: 0.964162 1.000000 0.824880
2022-08-01 20:04:54,218 Input white XYZ: 0.964162 1.000000 0.824880
2022-08-01 20:04:54,236 Output black RGB: 0.0000 0.0000 0.0000
2022-08-01 20:04:54,236 Output black RGB: 0.0000 0.0000 0.0000
2022-08-01 20:04:54,236 Output white RGB: 99.9987 99.9986 99.9985
2022-08-01 20:04:54,236 Output white RGB: 99.9987 99.9986 99.9985
2022-08-01 20:04:54,246 Filling cLUT...
2022-08-01 20:04:54,246 Filling cLUT...
2022-08-01 20:04:54,320 100%
2022-08-01 20:04:54,321 100%
2022-08-01 20:04:54,377 Generating output curves...
2022-08-01 20:04:54,377 Generating output curves...
2022-08-01 20:04:54,654 Setting curve entry #0 (0.000000 0.000000 0.000000) to black because it got clipped
2022-08-01 20:04:54,654 Setting curve entry #1 (0.000000 0.000000 0.000000) to black because it got clipped
2022-08-01 20:04:54,732 Smoothing B2A1...
2022-08-01 20:04:54,732 Smoothing B2A1...
2022-08-01 20:04:55,684 Generating B2A0 table by inverting A2B0 table
2022-08-01 20:04:55,684 Generating B2A0 table by inverting A2B0 table
2022-08-01 20:04:55,684 
2022-08-01 20:04:55,684 
2022-08-01 20:04:55,684 Using chromatic adaptation transform matrix: Bradford
2022-08-01 20:04:55,698 Black XYZ: 0.0000 0.0000 0.0000
2022-08-01 20:04:55,698 Black XYZ: 0.0000 0.0000 0.0000
2022-08-01 20:04:55,698 White XYZ: 0.9642 1.0000 0.8249
2022-08-01 20:04:55,699 White XYZ: 0.9642 1.0000 0.8249
2022-08-01 20:04:55,699 R XYZ: 0.4323 0.2249 0.0102
2022-08-01 20:04:55,699 R XYZ: 0.4323 0.2249 0.0102
2022-08-01 20:04:55,699 G XYZ: 0.3967 0.7096 0.0961
2022-08-01 20:04:55,699 G XYZ: 0.3967 0.7096 0.0961
2022-08-01 20:04:55,699 B XYZ: 0.1323 0.0626 0.7169
2022-08-01 20:04:55,699 B XYZ: 0.1323 0.0626 0.7169
2022-08-01 20:04:55,699 Generating input curve PCS values...
2022-08-01 20:04:55,699 Generating input curve PCS values...
2022-08-01 20:04:55,734 Looking up input curve RGB values...
2022-08-01 20:04:55,734 Looking up input curve RGB values...
2022-08-01 20:04:55,748 R+G+B XYZ: 0.9653 1.0012 0.8259
2022-08-01 20:04:55,748 R+G+B XYZ: 0.9653 1.0012 0.8259
2022-08-01 20:04:55,748 Correction factors: 0.9988 0.9988 0.9988
2022-08-01 20:04:55,748 Correction factors: 0.9988 0.9988 0.9988
2022-08-01 20:04:55,748 Matrix 1:
2022-08-01 20:04:55,749 Matrix 1:
2022-08-01 20:04:55,749 [2.645032644696014, -1.268291038238252, -0.3432955291960982]
2022-08-01 20:04:55,749 [2.645032644696014, -1.268291038238252, -0.3432955291960982]
2022-08-01 20:04:55,749 [-0.8148506792305955, 1.7628344565373566, 0.026168232543125853]
2022-08-01 20:04:55,749 [-0.8148506792305955, 1.7628344565373566, 0.026168232543125853]
2022-08-01 20:04:55,749 [0.06692667089917717, -0.15658955410725314, 1.3224138268600323]
2022-08-01 20:04:55,749 [0.06692667089917717, -0.15658955410725314, 1.3224138268600323]
2022-08-01 20:04:55,749 Matrix 2:
2022-08-01 20:04:55,749 Matrix 2:
2022-08-01 20:04:55,749 [2.6482851355378907, -1.2698506049963314, -0.3437176659765294]
2022-08-01 20:04:55,749 [2.6482851355378907, -1.2698506049963314, -0.3437176659765294]
2022-08-01 20:04:55,750 [-0.815852668516818, 1.7650021435551817, 0.02620041057195482]
2022-08-01 20:04:55,750 [-0.815852668516818, 1.7650021435551817, 0.02620041057195482]
2022-08-01 20:04:55,750 [0.06700896794931507, -0.1567821060183567, 1.32403994624637]
2022-08-01 20:04:55,750 [0.06700896794931507, -0.1567821060183567, 1.32403994624637]
2022-08-01 20:04:55,750 Matrix 3:
2022-08-01 20:04:55,750 Matrix 3:
2022-08-01 20:04:55,750 [1.999969482421875, 0, 0]
2022-08-01 20:04:55,750 [1.999969482421875, 0, 0]
2022-08-01 20:04:55,750 [0, 1.999969482421875, 0]
2022-08-01 20:04:55,750 [0, 1.999969482421875, 0]
2022-08-01 20:04:55,751 [0, 0, 1.999969482421875]
2022-08-01 20:04:55,751 [0, 0, 1.999969482421875]
2022-08-01 20:04:55,751 Final matrix:
2022-08-01 20:04:55,751 Final matrix:
2022-08-01 20:04:55,751 [5.29648945182726, -2.539662457227618, -0.6874248425223345]
2022-08-01 20:04:55,751 [5.29648945182726, -2.539662457227618, -0.6874248425223345]
2022-08-01 20:04:55,751 [-1.6316804391860862, 3.5299504235195567, 0.05240002157083311]
2022-08-01 20:04:55,751 [-1.6316804391860862, 3.5299504235195567, 0.05240002157083311]
2022-08-01 20:04:55,751 [0.13401589094721567, -0.3135594274265444, 2.6480394860002394]
2022-08-01 20:04:55,751 [0.13401589094721567, -0.3135594274265444, 2.6480394860002394]
2022-08-01 20:04:55,752 Applying matrix to input curve XYZ values...
2022-08-01 20:04:55,752 Applying matrix to input curve XYZ values...
2022-08-01 20:04:55,755 Generating input curves...
2022-08-01 20:04:55,755 Generating input curves...
2022-08-01 20:04:58,990 100%
2022-08-01 20:04:58,990 100%
2022-08-01 20:04:58,992 --------------------------------------------------------------------------------
2022-08-01 20:04:58,992 Creating shaper tags in separate step
2022-08-01 20:04:58,992 Using chromatic adaptation transform matrix: Bradford
2022-08-01 20:04:59,014 Extracting neutrals from /tmp/DisplayCAL-6rc9zncg/NV140DRM-N62 #1 2022-08-01 19-50 2.2 F-S XYZLUT+MTX.ti3
2022-08-01 20:04:59,021 {0: {'SAMPLE_ID': 1, 'RGB_R': 0.0, 'RGB_G': 0.0, 'RGB_B': 0.0, 'XYZ_X': 0.055953, 'XYZ_Y': 0.0616202, 'XYZ_Z': 0.062201}, 1: {'SAMPLE_ID': 6, 'RGB_R': 0.0, 'RGB_G': 0.0, 'RGB_B': 0.0, 'XYZ_X': 0.0560218, 'XYZ_Y': 0.0616864, 'XYZ_Z': 0.0624062}, 2: {'SAMPLE_ID': 7, 'RGB_R': 0.0, 'RGB_G': 0.0, 'RGB_B': 0.0, 'XYZ_X': 0.0560232, 'XYZ_Y': 0.0616874, 'XYZ_Z': 0.062472}, 3: {'SAMPLE_ID': 8, 'RGB_R': 0.0, 'RGB_G': 0.0, 'RGB_B': 0.0, 'XYZ_X': 0.0560412, 'XYZ_Y': 0.0616947, 'XYZ_Z': 0.0624257}, 4: {'SAMPLE_ID': 9, 'RGB_R': 0.0, 'RGB_G': 0.0, 'RGB_B': 0.0, 'XYZ_X': 0.0560455, 'XYZ_Y': 0.0617362, 'XYZ_Z': 0.0624443}, 5: {'SAMPLE_ID': 10, 'RGB_R': 0.7645, 'RGB_G': 0.7645, 'RGB_B': 0.7645, 'XYZ_X': 0.0652294, 'XYZ_Y': 0.0716926, 'XYZ_Z': 0.0739849}, 6: {'SAMPLE_ID': 11, 'RGB_R': 1.5432, 'RGB_G': 1.5432, 'RGB_B': 1.5432, 'XYZ_X': 0.0787307, 'XYZ_Y': 0.0868457, 'XYZ_Z': 0.0911591}, 7: {'SAMPLE_ID': 12, 'RGB_R': 1.9608, 'RGB_G': 1.9608, 'RGB_B': 1.9608, 'XYZ_X': 0.0880977, 'XYZ_Y': 0.0971374, 'XYZ_Z': 0.1025275}, 8: {'SAMPLE_ID': 13, 'RGB_R': 2.3365, 'RGB_G': 2.3365, 'RGB_B': 2.3365, 'XYZ_X': 0.0994621, 'XYZ_Y': 0.1094946, 'XYZ_Z': 0.116476}, 9: {'SAMPLE_ID': 14, 'RGB_R': 3.1446, 'RGB_G': 3.1446, 'RGB_B': 3.1446, 'XYZ_X': 0.1276282, 'XYZ_Y': 0.1401996, 'XYZ_Z': 0.1505085}, 10: {'SAMPLE_ID': 15, 'RGB_R': 3.9216, 'RGB_G': 3.9216, 'RGB_B': 3.9216, 'XYZ_X': 0.1609605, 'XYZ_Y': 0.1767546, 'XYZ_Z': 0.1898606}, 11: {'SAMPLE_ID': 16, 'RGB_R': 3.9682, 'RGB_G': 3.9682, 'RGB_B': 3.9682, 'XYZ_X': 0.1607374, 'XYZ_Y': 0.1763776, 'XYZ_Z': 0.1896804}, 12: {'SAMPLE_ID': 17, 'RGB_R': 4.8077, 'RGB_G': 4.8077, 'RGB_B': 4.8077, 'XYZ_X': 0.1991252, 'XYZ_Y': 0.2190127, 'XYZ_Z': 0.2354881}, 13: {'SAMPLE_ID': 18, 'RGB_R': 5.6634, 'RGB_G': 5.6634, 'RGB_B': 5.6634, 'XYZ_X': 0.2457355, 'XYZ_Y': 0.2706327, 'XYZ_Z': 0.290502}, 14: {'SAMPLE_ID': 19, 'RGB_R': 5.8824, 'RGB_G': 5.8824, 'RGB_B': 5.8824, 'XYZ_X': 0.2710981, 'XYZ_Y': 0.2986727, 'XYZ_Z': 0.319871}, 15: {'SAMPLE_ID': 20, 'RGB_R': 6.5359, 'RGB_G': 6.5359, 'RGB_B': 6.5359, 'XYZ_X': 0.3242442, 'XYZ_Y': 0.3574007, 'XYZ_Z': 0.3814358}, 16: {'SAMPLE_ID': 21, 'RGB_R': 7.4257, 'RGB_G': 7.4257, 'RGB_B': 7.4257, 'XYZ_X': 0.3827758, 'XYZ_Y': 0.4219357, 'XYZ_Z': 0.448066}, 17: {'SAMPLE_ID': 22, 'RGB_R': 8.3333, 'RGB_G': 8.3333, 'RGB_B': 8.3333, 'XYZ_X': 0.4499384, 'XYZ_Y': 0.4964288, 'XYZ_Z': 0.5246053}, 18: {'SAMPLE_ID': 23, 'RGB_R': 9.2593, 'RGB_G': 9.2593, 'RGB_B': 9.2593, 'XYZ_X': 0.5593021, 'XYZ_Y': 0.6181678, 'XYZ_Z': 0.6480406}, 19: {'SAMPLE_ID': 24, 'RGB_R': 9.8039, 'RGB_G': 9.8039, 'RGB_B': 9.8039, 'XYZ_X': 0.6000109, 'XYZ_Y': 0.6631928, 'XYZ_Z': 0.6927512}, 20: {'SAMPLE_ID': 25, 'RGB_R': 10.2041, 'RGB_G': 10.2041, 'RGB_B': 10.2041, 'XYZ_X': 0.6400701, 'XYZ_Y': 0.7082158, 'XYZ_Z': 0.7387797}, 21: {'SAMPLE_ID': 26, 'RGB_R': 11.1684, 'RGB_G': 11.1684, 'RGB_B': 11.1684, 'XYZ_X': 0.7316613, 'XYZ_Y': 0.8100699, 'XYZ_Z': 0.8411427}, 22: {'SAMPLE_ID': 27, 'RGB_R': 12.1528, 'RGB_G': 12.1528, 'RGB_B': 12.1528, 'XYZ_X': 0.87256, 'XYZ_Y': 0.9665239, 'XYZ_Z': 0.9969836}, 23: {'SAMPLE_ID': 28, 'RGB_R': 13.1579, 'RGB_G': 13.1579, 'RGB_B': 13.1579, 'XYZ_X': 1.0428388, 'XYZ_Y': 1.156404, 'XYZ_Z': 1.1852289}, 24: {'SAMPLE_ID': 29, 'RGB_R': 13.726, 'RGB_G': 13.726, 'RGB_B': 13.726, 'XYZ_X': 1.1086113, 'XYZ_Y': 1.229834, 'XYZ_Z': 1.2577676}, 25: {'SAMPLE_ID': 30, 'RGB_R': 14.1844, 'RGB_G': 14.1844, 'RGB_B': 14.1844, 'XYZ_X': 1.1748214, 'XYZ_Y': 1.303714, 'XYZ_Z': 1.3323321}, 26: {'SAMPLE_ID': 31, 'RGB_R': 15.233, 'RGB_G': 15.233, 'RGB_B': 15.233, 'XYZ_X': 1.384522, 'XYZ_Y': 1.5378141, 'XYZ_Z': 1.563426}, 27: {'SAMPLE_ID': 32, 'RGB_R': 16.3043, 'RGB_G': 16.3043, 'RGB_B': 16.3043, 'XYZ_X': 1.6164336, 'XYZ_Y': 1.7954342, 'XYZ_Z': 1.8187242}, 28: {'SAMPLE_ID': 105, 'RGB_R': 17.3993, 'RGB_G': 17.3993, 'RGB_B': 17.3993, 'XYZ_X': 1.7839084, 'XYZ_Y': 1.9840643, 'XYZ_Z': 2.0045686}, 29: {'SAMPLE_ID': 106, 'RGB_R': 17.647, 'RGB_G': 17.647, 'RGB_B': 17.647, 'XYZ_X': 1.8761403, 'XYZ_Y': 2.0867443, 'XYZ_Z': 2.1035955}, 30: {'SAMPLE_ID': 107, 'RGB_R': 18.5185, 'RGB_G': 18.5185, 'RGB_B': 18.5185, 'XYZ_X': 2.0596929, 'XYZ_Y': 2.2907444, 'XYZ_Z': 2.3075391}, 31: {'SAMPLE_ID': 108, 'RGB_R': 19.6629, 'RGB_G': 19.6629, 'RGB_B': 19.6629, 'XYZ_X': 2.3569353, 'XYZ_Y': 2.6234745, 'XYZ_Z': 2.6350407}, 32: {'SAMPLE_ID': 109, 'RGB_R': 20.8333, 'RGB_G': 20.8333, 'RGB_B': 20.8333, 'XYZ_X': 2.6483265, 'XYZ_Y': 2.9493446, 'XYZ_Z': 2.9562714}, 33: {'SAMPLE_ID': 110, 'RGB_R': 21.569, 'RGB_G': 21.569, 'RGB_B': 21.569, 'XYZ_X': 2.8704771, 'XYZ_Y': 3.1974147, 'XYZ_Z': 3.1991261}, 34: {'SAMPLE_ID': 111, 'RGB_R': 22.0307, 'RGB_G': 22.0307, 'RGB_B': 22.0307, 'XYZ_X': 2.9764873, 'XYZ_Y': 3.3156248, 'XYZ_Z': 3.3172176}, 35: {'SAMPLE_ID': 112, 'RGB_R': 23.2558, 'RGB_G': 23.2558, 'RGB_B': 23.2558, 'XYZ_X': 3.3382278, 'XYZ_Y': 3.7205049, 'XYZ_Z': 3.7157011}, 36: {'SAMPLE_ID': 113, 'RGB_R': 24.5098, 'RGB_G': 24.5098, 'RGB_B': 24.5098, 'XYZ_X': 3.7461881, 'XYZ_Y': 4.1752651, 'XYZ_Z': 4.163153}, 37: {'SAMPLE_ID': 114, 'RGB_R': 25.49, 'RGB_G': 25.49, 'RGB_B': 25.49, 'XYZ_X': 4.1944284, 'XYZ_Y': 4.6689853, 'XYZ_Z': 4.641984}, 38: {'SAMPLE_ID': 115, 'RGB_R': 25.7937, 'RGB_G': 25.7937, 'RGB_B': 25.7937, 'XYZ_X': 4.3011084, 'XYZ_Y': 4.8046653, 'XYZ_Z': 4.7877542}, 39: {'SAMPLE_ID': 116, 'RGB_R': 27.1084, 'RGB_G': 27.1084, 'RGB_B': 27.1084, 'XYZ_X': 4.7772886, 'XYZ_Y': 5.3181055, 'XYZ_Z': 5.2830648}, 40: {'SAMPLE_ID': 117, 'RGB_R': 28.4553, 'RGB_G': 28.4553, 'RGB_B': 28.4553, 'XYZ_X': 5.3807389, 'XYZ_Y': 5.9843458, 'XYZ_Z': 5.9449552}, 41: {'SAMPLE_ID': 118, 'RGB_R': 29.412, 'RGB_G': 29.412, 'RGB_B': 29.412, 'XYZ_X': 5.712179, 'XYZ_Y': 6.3607659, 'XYZ_Z': 6.3114854}, 42: {'SAMPLE_ID': 119, 'RGB_R': 29.8354, 'RGB_G': 29.8354, 'RGB_B': 29.8354, 'XYZ_X': 5.8670191, 'XYZ_Y': 6.5284459, 'XYZ_Z': 6.4814255}, 43: {'SAMPLE_ID': 120, 'RGB_R': 31.25, 'RGB_G': 31.25, 'RGB_B': 31.25, 'XYZ_X': 6.5352193, 'XYZ_Y': 7.2857362, 'XYZ_Z': 7.2252958}, 44: {'SAMPLE_ID': 121, 'RGB_R': 32.7004, 'RGB_G': 32.7004, 'RGB_B': 32.7004, 'XYZ_X': 7.0686995, 'XYZ_Y': 7.8648164, 'XYZ_Z': 7.805316}, 45: {'SAMPLE_ID': 122, 'RGB_R': 33.333, 'RGB_G': 33.333, 'RGB_B': 33.333, 'XYZ_X': 7.4446996, 'XYZ_Y': 8.3122166, 'XYZ_Z': 8.2379561}, 46: {'SAMPLE_ID': 123, 'RGB_R': 34.188, 'RGB_G': 34.188, 'RGB_B': 34.188, 'XYZ_X': 7.8269798, 'XYZ_Y': 8.7286867, 'XYZ_Z': 8.6487163}, 47: {'SAMPLE_ID': 124, 'RGB_R': 35.7143, 'RGB_G': 35.7143, 'RGB_B': 35.7143, 'XYZ_X': 8.6483201, 'XYZ_Y': 9.6514571, 'XYZ_Z': 9.5616866}, 48: {'SAMPLE_ID': 125, 'RGB_R': 37.255, 'RGB_G': 37.255, 'RGB_B': 37.255, 'XYZ_X': 9.5865004, 'XYZ_Y': 10.688167, 'XYZ_Z': 10.582067}, 49: {'SAMPLE_ID': 126, 'RGB_R': 37.2807, 'RGB_G': 37.2807, 'RGB_B': 37.2807, 'XYZ_X': 9.5464304, 'XYZ_Y': 10.656967, 'XYZ_Z': 10.560067}, 50: {'SAMPLE_ID': 127, 'RGB_R': 38.8889, 'RGB_G': 38.8889, 'RGB_B': 38.8889, 'XYZ_X': 10.489471, 'XYZ_Y': 11.697368, 'XYZ_Z': 11.591367}, 51: {'SAMPLE_ID': 128, 'RGB_R': 40.5405, 'RGB_G': 40.5405, 'RGB_B': 40.5405, 'XYZ_X': 11.445871, 'XYZ_Y': 12.761668, 'XYZ_Z': 12.636968}, 52: {'SAMPLE_ID': 129, 'RGB_R': 41.176, 'RGB_G': 41.176, 'RGB_B': 41.176, 'XYZ_X': 11.970271, 'XYZ_Y': 13.372668, 'XYZ_Z': 13.222168}, 53: {'SAMPLE_ID': 130, 'RGB_R': 42.2374, 'RGB_G': 42.2374, 'RGB_B': 42.2374, 'XYZ_X': 12.697672, 'XYZ_Y': 14.169869, 'XYZ_Z': 14.051068}, 54: {'SAMPLE_ID': 131, 'RGB_R': 43.9815, 'RGB_G': 43.9815, 'RGB_B': 43.9815, 'XYZ_X': 13.822372, 'XYZ_Y': 15.423469, 'XYZ_Z': 15.288269}, 55: {'SAMPLE_ID': 132, 'RGB_R': 45.098, 'RGB_G': 45.098, 'RGB_B': 45.098, 'XYZ_X': 14.816672, 'XYZ_Y': 16.49347, 'XYZ_Z': 16.400769}, 56: {'SAMPLE_ID': 133, 'RGB_R': 45.7746, 'RGB_G': 45.7746, 'RGB_B': 45.7746, 'XYZ_X': 15.400773, 'XYZ_Y': 17.14997, 'XYZ_Z': 17.054669}, 57: {'SAMPLE_ID': 134, 'RGB_R': 47.619, 'RGB_G': 47.619, 'RGB_B': 47.619, 'XYZ_X': 16.713373, 'XYZ_Y': 18.61697, 'XYZ_Z': 18.52747}, 58: {'SAMPLE_ID': 135, 'RGB_R': 49.02, 'RGB_G': 49.02, 'RGB_B': 49.02, 'XYZ_X': 18.151574, 'XYZ_Y': 20.218371, 'XYZ_Z': 20.11117}, 59: {'SAMPLE_ID': 136, 'RGB_R': 49.5169, 'RGB_G': 49.5169, 'RGB_B': 49.5169, 'XYZ_X': 18.439774, 'XYZ_Y': 20.545471, 'XYZ_Z': 20.471571}, 60: {'SAMPLE_ID': 137, 'RGB_R': 51.4706, 'RGB_G': 51.4706, 'RGB_B': 51.4706, 'XYZ_X': 20.216574, 'XYZ_Y': 22.508972, 'XYZ_Z': 22.473871}, 61: {'SAMPLE_ID': 138, 'RGB_R': 52.941, 'RGB_G': 52.941, 'RGB_B': 52.941, 'XYZ_X': 21.724675, 'XYZ_Y': 24.191572, 'XYZ_Z': 24.115272}, 62: {'SAMPLE_ID': 139, 'RGB_R': 53.4826, 'RGB_G': 53.4826, 'RGB_B': 53.4826, 'XYZ_X': 22.064475, 'XYZ_Y': 24.555173, 'XYZ_Z': 24.535372}, 63: {'SAMPLE_ID': 141, 'RGB_R': 55.5556, 'RGB_G': 55.5556, 'RGB_B': 55.5556, 'XYZ_X': 24.326176, 'XYZ_Y': 27.062773, 'XYZ_Z': 27.068073}, 64: {'SAMPLE_ID': 142, 'RGB_R': 56.863, 'RGB_G': 56.863, 'RGB_B': 56.863, 'XYZ_X': 25.553076, 'XYZ_Y': 28.400474, 'XYZ_Z': 28.412474}, 65: {'SAMPLE_ID': 143, 'RGB_R': 57.6923, 'RGB_G': 57.6923, 'RGB_B': 57.6923, 'XYZ_X': 26.245276, 'XYZ_Y': 29.191474, 'XYZ_Z': 29.188674}, 66: {'SAMPLE_ID': 144, 'RGB_R': 59.8958, 'RGB_G': 59.8958, 'RGB_B': 59.8958, 'XYZ_X': 28.640877, 'XYZ_Y': 31.817175, 'XYZ_Z': 31.897175}, 67: {'SAMPLE_ID': 145, 'RGB_R': 60.784, 'RGB_G': 60.784, 'RGB_B': 60.784, 'XYZ_X': 29.479078, 'XYZ_Y': 32.776276, 'XYZ_Z': 32.829075}, 68: {'SAMPLE_ID': 146, 'RGB_R': 62.1693, 'RGB_G': 62.1693, 'RGB_B': 62.1693, 'XYZ_X': 31.123778, 'XYZ_Y': 34.586076, 'XYZ_Z': 34.724576}, 69: {'SAMPLE_ID': 147, 'RGB_R': 64.5161, 'RGB_G': 64.5161, 'RGB_B': 64.5161, 'XYZ_X': 33.882879, 'XYZ_Y': 37.638077, 'XYZ_Z': 37.845977}, 70: {'SAMPLE_ID': 148, 'RGB_R': 64.706, 'RGB_G': 64.706, 'RGB_B': 64.706, 'XYZ_X': 33.969779, 'XYZ_Y': 37.718577, 'XYZ_Z': 37.891577}, 71: {'SAMPLE_ID': 149, 'RGB_R': 66.9399, 'RGB_G': 66.9399, 'RGB_B': 66.9399, 'XYZ_X': 36.89538, 'XYZ_Y': 40.949178, 'XYZ_Z': 41.202578}, 72: {'SAMPLE_ID': 150, 'RGB_R': 68.627, 'RGB_G': 68.627, 'RGB_B': 68.627, 'XYZ_X': 39.016381, 'XYZ_Y': 43.287279, 'XYZ_Z': 43.543379}, 73: {'SAMPLE_ID': 151, 'RGB_R': 69.4444, 'RGB_G': 69.4444, 'RGB_B': 69.4444, 'XYZ_X': 40.001881, 'XYZ_Y': 44.36698, 'XYZ_Z': 44.677079}, 74: {'SAMPLE_ID': 152, 'RGB_R': 72.0339, 'RGB_G': 72.0339, 'RGB_B': 72.0339, 'XYZ_X': 43.793683, 'XYZ_Y': 48.542581, 'XYZ_Z': 48.975781}, 75: {'SAMPLE_ID': 153, 'RGB_R': 72.549, 'RGB_G': 72.549, 'RGB_B': 72.549, 'XYZ_X': 44.407583, 'XYZ_Y': 49.211381, 'XYZ_Z': 49.664981}, 76: {'SAMPLE_ID': 154, 'RGB_R': 74.7126, 'RGB_G': 74.7126, 'RGB_B': 74.7126, 'XYZ_X': 47.623384, 'XYZ_Y': 52.752983, 'XYZ_Z': 53.274483}, 77: {'SAMPLE_ID': 155, 'RGB_R': 76.471, 'RGB_G': 76.471, 'RGB_B': 76.471, 'XYZ_X': 50.022485, 'XYZ_Y': 55.406884, 'XYZ_Z': 55.964284}, 78: {'SAMPLE_ID': 156, 'RGB_R': 77.4854, 'RGB_G': 77.4854, 'RGB_B': 77.4854, 'XYZ_X': 51.774986, 'XYZ_Y': 57.294684, 'XYZ_Z': 57.984584}, 79: {'SAMPLE_ID': 157, 'RGB_R': 80.3571, 'RGB_G': 80.3571, 'RGB_B': 80.3571, 'XYZ_X': 56.183687, 'XYZ_Y': 62.155786, 'XYZ_Z': 62.931386}, 80: {'SAMPLE_ID': 158, 'RGB_R': 80.392, 'RGB_G': 80.392, 'RGB_B': 80.392, 'XYZ_X': 56.245687, 'XYZ_Y': 62.240486, 'XYZ_Z': 62.969086}, 81: {'SAMPLE_ID': 159, 'RGB_R': 83.3333, 'RGB_G': 83.3333, 'RGB_B': 83.3333, 'XYZ_X': 60.670289, 'XYZ_Y': 67.062888, 'XYZ_Z': 67.936288}, 82: {'SAMPLE_ID': 160, 'RGB_R': 84.314, 'RGB_G': 84.314, 'RGB_B': 84.314, 'XYZ_X': 62.60079, 'XYZ_Y': 69.215489, 'XYZ_Z': 70.091589}, 83: {'SAMPLE_ID': 161, 'RGB_R': 86.4198, 'RGB_G': 86.4198, 'RGB_B': 86.4198, 'XYZ_X': 65.616291, 'XYZ_Y': 72.47969, 'XYZ_Z': 73.52969}, 84: {'SAMPLE_ID': 175, 'RGB_R': 88.235, 'RGB_G': 88.235, 'RGB_B': 88.235, 'XYZ_X': 68.901892, 'XYZ_Y': 76.095091, 'XYZ_Z': 77.154291}, 85: {'SAMPLE_ID': 204, 'RGB_R': 89.6226, 'RGB_G': 89.6226, 'RGB_B': 89.6226, 'XYZ_X': 71.536993, 'XYZ_Y': 78.971492, 'XYZ_Z': 80.124792}, 86: {'SAMPLE_ID': 205, 'RGB_R': 92.157, 'RGB_G': 92.157, 'RGB_B': 92.157, 'XYZ_X': 75.725695, 'XYZ_Y': 83.553294, 'XYZ_Z': 84.747194}, 87: {'SAMPLE_ID': 216, 'RGB_R': 92.9487, 'RGB_G': 92.9487, 'RGB_B': 92.9487, 'XYZ_X': 77.071295, 'XYZ_Y': 85.012695, 'XYZ_Z': 86.248295}, 88: {'SAMPLE_ID': 306, 'RGB_R': 96.078, 'RGB_G': 96.078, 'RGB_B': 96.078, 'XYZ_X': 82.696497, 'XYZ_Y': 91.163397, 'XYZ_Z': 92.399097}, 89: {'SAMPLE_ID': 307, 'RGB_R': 96.4052, 'RGB_G': 96.4052, 'RGB_B': 96.4052, 'XYZ_X': 83.366897, 'XYZ_Y': 91.881197, 'XYZ_Z': 93.195997}, 90: {'SAMPLE_ID': 534, 'RGB_R': 100.0, 'RGB_G': 100.0, 'RGB_B': 100.0, 'XYZ_X': 90.7822, 'XYZ_Y': 100.0, 'XYZ_Z': 101.147}}
2022-08-01 20:04:59,021 --------------------------------------------------------------------------------
2022-08-01 20:04:59,021 Warning: Skipping RGB 3.97 3.97 3.97 XYZ 0.170220 0.176223 0.154652 because Y is not monotonically increasing
2022-08-01 20:04:59,021 Warning: Skipping RGB 37.28 37.28 37.28 XYZ 10.147898 10.653989 8.613761 because Y is not monotonically increasing
2022-08-01 20:04:59,609 Black relative luminance = 0.000617
2022-08-01 20:04:59,609 Black output offset = 1.00
2022-08-01 20:04:59,609 Calibration gamma = 2.20 relative
2022-08-01 20:04:59,609 Calibration overall transfer function  Gamma 2.20 100% ( 0.00%)
2022-08-01 20:04:59,609 Calibration effective gamma = 2.20
2022-08-01 20:04:59,627 Transfer function R  Gamma 2.25 100% ( 1.90%)
2022-08-01 20:04:59,627 Effective gamma = 2.25
2022-08-01 20:04:59,627 Got good match (+-2%)
2022-08-01 20:04:59,646 Transfer function G  Gamma 2.25 100% ( 1.90%)
2022-08-01 20:04:59,646 Effective gamma = 2.25
2022-08-01 20:04:59,646 Got good match (+-2%)
2022-08-01 20:04:59,664 Transfer function B  Gamma 2.25 100% ( 1.90%)
2022-08-01 20:04:59,664 Effective gamma = 2.25
2022-08-01 20:04:59,664 Got good match (+-2%)
2022-08-01 20:04:59,664 Using transfer function for R: Gamma 2.25
2022-08-01 20:04:59,664 Effective gamma = 2.25
2022-08-01 20:04:59,664 Using transfer function for G: Gamma 2.25
2022-08-01 20:04:59,664 Effective gamma = 2.25
2022-08-01 20:04:59,664 Using transfer function for B: Gamma 2.25
2022-08-01 20:04:59,664 Effective gamma = 2.25
2022-08-01 20:04:59,665 Adding rTRC from interpolation to NV140DRM-N62 #1 2022-08-01 19-50 2.2 F-S XYZLUT+MTX
2022-08-01 20:04:59,665 Adding gTRC from interpolation to NV140DRM-N62 #1 2022-08-01 19-50 2.2 F-S XYZLUT+MTX
2022-08-01 20:04:59,665 Adding bTRC from interpolation to NV140DRM-N62 #1 2022-08-01 19-50 2.2 F-S XYZLUT+MTX
2022-08-01 20:05:00,052 --------------------------------------------------------------------------------
2022-08-01 20:05:00,052 Working directory:
2022-08-01 20:05:00,052   /
2022-08-01 20:05:00,052    tmp/
2022-08-01 20:05:00,052     DisplayCAL-6rc9zncg/
2022-08-01 20:05:00,052 
2022-08-01 20:05:00,052 Command line:
2022-08-01 20:05:00,052   /usr/bin/profcheck
2022-08-01 20:05:00,052     'NV140DRM-N62 #1 2022-08-01 19-50 2.2 F-S XYZLUT+MTX.ti3'
2022-08-01 20:05:00,052     'NV140DRM-N62 #1 2022-08-01 19-50 2.2 F-S XYZLUT+MTX.icc'
2022-08-01 20:05:00,052 
2022-08-01 20:05:00,064 Profile check complete, errors: max. = 0.745377, avg. = 0.210386, RMS = 0.255453
2022-08-01 20:05:00,064 profcheck exitcode: 0
2022-08-01 20:05:00,065 --------------------------------------------------------------------------------
2022-08-01 20:05:00,065 Generating gamut views...
2022-08-01 20:05:00,817 --------------------------------------------------------------------------------
2022-08-01 20:05:00,817 Working directory:
2022-08-01 20:05:00,817   /
2022-08-01 20:05:00,817    tmp/
2022-08-01 20:05:00,817     DisplayCAL-6rc9zncg/
2022-08-01 20:05:00,817 
2022-08-01 20:05:00,817 Command line:
2022-08-01 20:05:00,817   /usr/bin/iccgamut
2022-08-01 20:05:00,817     -v
2022-08-01 20:05:00,817     -w
2022-08-01 20:05:00,817     -ir
2022-08-01 20:05:00,817     -ff
2022-08-01 20:05:00,817     -on
2022-08-01 20:05:00,817     -d10.00
2022-08-01 20:05:00,817     'NV140DRM-N62 #1 2022-08-01 19-50 2.2 F-S XYZLUT+MTX.icc'
2022-08-01 20:05:00,817 
2022-08-01 20:05:01,136 Header:
2022-08-01 20:05:01,136   size         = 1019388 bytes
2022-08-01 20:05:01,136   CMM          = 'argl'
2022-08-01 20:05:01,136   Version      = 2.2.0
2022-08-01 20:05:01,137   Device Class = Display
2022-08-01 20:05:01,137   Color Space  = RGB
2022-08-01 20:05:01,137   Conn. Space  = XYZ
2022-08-01 20:05:01,137   Date, Time   = 1 Aug 2022, 20:03:39
2022-08-01 20:05:01,137   Platform     = *nix
2022-08-01 20:05:01,137   Flags        = Not Embedded Profile, Use anywhere
2022-08-01 20:05:01,137   Dev. Mnfctr. = 0x0
2022-08-01 20:05:01,137   Dev. Model   = 0x0
2022-08-01 20:05:01,137   Dev. Attrbts = Reflective, Glossy, Positive, Color
2022-08-01 20:05:01,137   Rndrng Intnt = Relative Colorimetric
2022-08-01 20:05:01,137   Illuminant   = 0.96420288, 1.00000000, 0.82490540    [Lab 100.000000, 0.000000, 0.000000]
2022-08-01 20:05:01,137   Creator      = 'argl'
2022-08-01 20:05:01,137 
2022-08-01 20:05:01,137 Total volume of gamut is 822410.988076 cubic colorspace units
2022-08-01 20:05:01,137 iccgamut exitcode: 0
2022-08-01 20:05:02,345 --------------------------------------------------------------------------------
2022-08-01 20:05:02,345 Command line:
2022-08-01 20:05:02,345   /usr/bin/viewgam
2022-08-01 20:05:02,345     -cw
2022-08-01 20:05:02,345     -t0
2022-08-01 20:05:02,345     -w
2022-08-01 20:05:02,345     /usr/share/DisplayCAL/ref/sRGB.gam
2022-08-01 20:05:02,345     -cn
2022-08-01 20:05:02,345     -t.3
2022-08-01 20:05:02,345     -s
2022-08-01 20:05:02,345     'NV140DRM-N62 #1 2022-08-01 19-50 2.2 F-S XYZLUT+MTX.gam'
2022-08-01 20:05:02,345     -i
2022-08-01 20:05:02,345     'NV140DRM-N62 #1 2022-08-01 19-50 2.2 F-S XYZLUT+MTX vs sRGB.wrl'
2022-08-01 20:05:02,345 
2022-08-01 20:05:02,345 Intersecting volume = 799479.0 cubic units
2022-08-01 20:05:02,345 '/usr/share/DisplayCAL/ref/sRGB.gam' volume = 833675.1 cubic units, intersect = 95.90%
2022-08-01 20:05:02,345 'NV140DRM-N62 #1 2022-08-01 19-50 2.2 F-S XYZLUT+MTX.gam' volume = 822411.0 cubic units, intersect = 97.21%
2022-08-01 20:05:02,345 --------------------------------------------------------------------------------
2022-08-01 20:05:02,345 Command line:
2022-08-01 20:05:02,345   /usr/bin/viewgam
2022-08-01 20:05:02,345     -cw
2022-08-01 20:05:02,345     -t0
2022-08-01 20:05:02,345     -w
2022-08-01 20:05:02,345     /usr/share/DisplayCAL/ref/ClayRGB1998.gam
2022-08-01 20:05:02,345     -cn
2022-08-01 20:05:02,345     -t.3
2022-08-01 20:05:02,345     -s
2022-08-01 20:05:02,345     'NV140DRM-N62 #1 2022-08-01 19-50 2.2 F-S XYZLUT+MTX.gam'
2022-08-01 20:05:02,346     -i
2022-08-01 20:05:02,346     'NV140DRM-N62 #1 2022-08-01 19-50 2.2 F-S XYZLUT+MTX vs ClayRGB1998.wrl'
2022-08-01 20:05:02,346 
2022-08-01 20:05:02,346 Intersecting volume = 817549.4 cubic units
2022-08-01 20:05:02,346 '/usr/share/DisplayCAL/ref/ClayRGB1998.gam' volume = 1209985.9 cubic units, intersect = 67.57%
2022-08-01 20:05:02,346 'NV140DRM-N62 #1 2022-08-01 19-50 2.2 F-S XYZLUT+MTX.gam' volume = 822411.0 cubic units, intersect = 99.41%
2022-08-01 20:05:02,346 --------------------------------------------------------------------------------
2022-08-01 20:05:02,346 Command line:
2022-08-01 20:05:02,346   /usr/bin/viewgam
2022-08-01 20:05:02,346     -cw
2022-08-01 20:05:02,346     -t0
2022-08-01 20:05:02,346     -w
2022-08-01 20:05:02,346     /usr/share/DisplayCAL/ref/SMPTE431_P3.gam
2022-08-01 20:05:02,346     -cn
2022-08-01 20:05:02,346     -t.3
2022-08-01 20:05:02,346     -s
2022-08-01 20:05:02,346     'NV140DRM-N62 #1 2022-08-01 19-50 2.2 F-S XYZLUT+MTX.gam'
2022-08-01 20:05:02,346     -i
2022-08-01 20:05:02,346     'NV140DRM-N62 #1 2022-08-01 19-50 2.2 F-S XYZLUT+MTX vs SMPTE431_P3.wrl'
2022-08-01 20:05:02,346 
2022-08-01 20:05:02,346 Intersecting volume = 818149.9 cubic units
2022-08-01 20:05:02,346 '/usr/share/DisplayCAL/ref/SMPTE431_P3.gam' volume = 1176953.5 cubic units, intersect = 69.51%
2022-08-01 20:05:02,346 'NV140DRM-N62 #1 2022-08-01 19-50 2.2 F-S XYZLUT+MTX.gam' volume = 822411.0 cubic units, intersect = 99.48%
2022-08-01 20:05:02,347 TypeError: TypeError('cannot use a string pattern on a bytes-like object')
2022-08-01 20:05:02,347 TypeError: TypeError('cannot use a string pattern on a bytes-like object')
2022-08-01 20:05:02,347 TypeError: TypeError('cannot use a string pattern on a bytes-like object')
2022-08-01 20:05:02,348 TypeError: TypeError('cannot use a string pattern on a bytes-like object')
2022-08-01 20:05:02,348 TypeError: TypeError('cannot use a string pattern on a bytes-like object')
2022-08-01 20:05:02,348 --------------------------------------------------------------------------------
